<?xml version="1.0" encoding="UTF-8"?>
<coverage generated="1775430556411" clover="3.2.0">
  <project timestamp="1775430556411" name="All files">
    <metrics statements="326" coveredstatements="324" conditionals="73" coveredconditionals="73" methods="126" coveredmethods="124" elements="525" coveredelements="521" complexity="0" loc="326" ncloc="326" packages="11" files="14" classes="14"/>
    <package name="app">
      <metrics statements="35" coveredstatements="35" conditionals="2" coveredconditionals="2" methods="23" coveredmethods="23"/>
      <file name="app.component.ts" path="C:\Users\athit\Demo Projects\3-insightboard-admin\src\app\app.component.ts">
        <metrics statements="21" coveredstatements="21" conditionals="2" coveredconditionals="2" methods="8" coveredmethods="8"/>
        <line num="1" count="1" type="stmt"/>
        <line num="2" count="1" type="stmt"/>
        <line num="3" count="1" type="stmt"/>
        <line num="4" count="1" type="stmt"/>
        <line num="5" count="1" type="stmt"/>
        <line num="6" count="1" type="stmt"/>
        <line num="7" count="1" type="stmt"/>
        <line num="89" count="1" type="stmt"/>
        <line num="90" count="4" type="stmt"/>
        <line num="91" count="4" type="stmt"/>
        <line num="92" count="4" type="stmt"/>
        <line num="94" count="4" type="stmt"/>
        <line num="95" count="4" type="cond" truecount="2" falsecount="0"/>
        <line num="98" count="4" type="stmt"/>
        <line num="99" count="1" type="stmt"/>
        <line num="101" count="1" type="stmt"/>
        <line num="102" count="1" type="stmt"/>
        <line num="105" count="4" type="stmt"/>
        <line num="106" count="1" type="stmt"/>
        <line num="111" count="1" type="stmt"/>
        <line num="115" count="2" type="stmt"/>
      </file>
      <file name="app.config.ts" path="C:\Users\athit\Demo Projects\3-insightboard-admin\src\app\app.config.ts">
        <metrics statements="7" coveredstatements="7" conditionals="0" coveredconditionals="0" methods="0" coveredmethods="0"/>
        <line num="1" count="1" type="stmt"/>
        <line num="2" count="1" type="stmt"/>
        <line num="3" count="1" type="stmt"/>
        <line num="4" count="1" type="stmt"/>
        <line num="5" count="1" type="stmt"/>
        <line num="6" count="1" type="stmt"/>
        <line num="8" count="1" type="stmt"/>
      </file>
      <file name="app.routes.ts" path="C:\Users\athit\Demo Projects\3-insightboard-admin\src\app\app.routes.ts">
        <metrics statements="7" coveredstatements="7" conditionals="0" coveredconditionals="0" methods="15" coveredmethods="15"/>
        <line num="2" count="2" type="stmt"/>
        <line num="4" count="2" type="stmt"/>
        <line num="8" count="1" type="stmt"/>
        <line num="14" count="1" type="stmt"/>
        <line num="21" count="1" type="stmt"/>
        <line num="28" count="1" type="stmt"/>
        <line num="35" count="1" type="stmt"/>
      </file>
    </package>
    <package name="app.core.guards">
      <metrics statements="9" coveredstatements="9" conditionals="3" coveredconditionals="3" methods="1" coveredmethods="1"/>
      <file name="admin-auth.guard.ts" path="C:\Users\athit\Demo Projects\3-insightboard-admin\src\app\core\guards\admin-auth.guard.ts">
        <metrics statements="9" coveredstatements="9" conditionals="3" coveredconditionals="3" methods="1" coveredmethods="1"/>
        <line num="1" count="3" type="stmt"/>
        <line num="2" count="3" type="stmt"/>
        <line num="3" count="3" type="stmt"/>
        <line num="5" count="3" type="stmt"/>
        <line num="6" count="2" type="stmt"/>
        <line num="7" count="2" type="stmt"/>
        <line num="9" count="2" type="cond" truecount="3" falsecount="0"/>
        <line num="10" count="1" type="stmt"/>
        <line num="13" count="1" type="stmt"/>
      </file>
    </package>
    <package name="app.core.interceptors">
      <metrics statements="15" coveredstatements="15" conditionals="6" coveredconditionals="6" methods="3" coveredmethods="3"/>
      <file name="auth.interceptor.ts" path="C:\Users\athit\Demo Projects\3-insightboard-admin\src\app\core\interceptors\auth.interceptor.ts">
        <metrics statements="15" coveredstatements="15" conditionals="6" coveredconditionals="6" methods="3" coveredmethods="3"/>
        <line num="1" count="2" type="stmt"/>
        <line num="2" count="2" type="stmt"/>
        <line num="3" count="2" type="stmt"/>
        <line num="4" count="2" type="stmt"/>
        <line num="5" count="2" type="stmt"/>
        <line num="7" count="2" type="stmt"/>
        <line num="8" count="3" type="stmt"/>
        <line num="9" count="3" type="stmt"/>
        <line num="10" count="3" type="stmt"/>
        <line num="11" count="3" type="cond" truecount="2" falsecount="0"/>
        <line num="15" count="3" type="stmt"/>
        <line num="17" count="2" type="cond" truecount="4" falsecount="0"/>
        <line num="18" count="1" type="stmt"/>
        <line num="19" count="1" type="stmt"/>
        <line num="21" count="2" type="stmt"/>
      </file>
    </package>
    <package name="app.core.services">
      <metrics statements="56" coveredstatements="56" conditionals="8" coveredconditionals="8" methods="17" coveredmethods="17"/>
      <file name="analytics.service.ts" path="C:\Users\athit\Demo Projects\3-insightboard-admin\src\app\core\services\analytics.service.ts">
        <metrics statements="9" coveredstatements="9" conditionals="2" coveredconditionals="2" methods="4" coveredmethods="4"/>
        <line num="1" count="3" type="stmt"/>
        <line num="2" count="3" type="stmt"/>
        <line num="4" count="3" type="stmt"/>
        <line num="32" count="3" type="stmt"/>
        <line num="33" count="5" type="stmt"/>
        <line num="34" count="5" type="stmt"/>
        <line num="37" count="2" type="stmt"/>
        <line num="43" count="2" type="stmt"/>
        <line num="49" count="1" type="stmt"/>
      </file>
      <file name="auth.service.ts" path="C:\Users\athit\Demo Projects\3-insightboard-admin\src\app\core\services\auth.service.ts">
        <metrics statements="47" coveredstatements="47" conditionals="6" coveredconditionals="6" methods="13" coveredmethods="13"/>
        <line num="1" count="8" type="stmt"/>
        <line num="2" count="8" type="stmt"/>
        <line num="3" count="8" type="stmt"/>
        <line num="4" count="8" type="stmt"/>
        <line num="5" count="8" type="stmt"/>
        <line num="22" count="8" type="stmt"/>
        <line num="23" count="8" type="stmt"/>
        <line num="24" count="8" type="stmt"/>
        <line num="27" count="8" type="stmt"/>
        <line num="28" count="7" type="stmt"/>
        <line num="29" count="7" type="stmt"/>
        <line num="31" count="7" type="stmt"/>
        <line num="32" count="7" type="stmt"/>
        <line num="33" count="7" type="stmt"/>
        <line num="35" count="7" type="stmt"/>
        <line num="36" count="7" type="stmt"/>
        <line num="37" count="7" type="stmt"/>
        <line num="38" count="7" type="cond" truecount="2" falsecount="0"/>
        <line num="39" count="7" type="stmt"/>
        <line num="42" count="2" type="stmt"/>
        <line num="43" count="2" type="stmt"/>
        <line num="48" count="1" type="stmt"/>
        <line num="49" count="1" type="stmt"/>
        <line num="50" count="1" type="stmt"/>
        <line num="51" count="1" type="stmt"/>
        <line num="52" count="1" type="stmt"/>
        <line num="53" count="1" type="stmt"/>
        <line num="54" count="1" type="cond" truecount="1" falsecount="0"/>
        <line num="55" count="1" type="stmt"/>
        <line num="60" count="2" type="cond" truecount="1" falsecount="0"/>
        <line num="61" count="1" type="stmt"/>
        <line num="63" count="1" type="stmt"/>
        <line num="65" count="1" type="stmt"/>
        <line num="66" count="1" type="stmt"/>
        <line num="72" count="2" type="stmt"/>
        <line num="73" count="2" type="stmt"/>
        <line num="74" count="2" type="stmt"/>
        <line num="75" count="2" type="stmt"/>
        <line num="76" count="2" type="stmt"/>
        <line num="77" count="2" type="stmt"/>
        <line num="81" count="7" type="stmt"/>
        <line num="82" count="7" type="cond" truecount="1" falsecount="0"/>
        <line num="83" count="5" type="stmt"/>
        <line num="85" count="2" type="stmt"/>
        <line num="86" count="2" type="stmt"/>
        <line num="88" count="1" type="stmt"/>
        <line num="89" count="1" type="stmt"/>
      </file>
    </package>
    <package name="app.features.bookings-table">
      <metrics statements="29" coveredstatements="29" conditionals="11" coveredconditionals="11" methods="9" coveredmethods="9"/>
      <file name="bookings-table.component.ts" path="C:\Users\athit\Demo Projects\3-insightboard-admin\src\app\features\bookings-table\bookings-table.component.ts">
        <metrics statements="29" coveredstatements="29" conditionals="11" coveredconditionals="11" methods="9" coveredmethods="9"/>
        <line num="1" count="2" type="stmt"/>
        <line num="2" count="2" type="stmt"/>
        <line num="3" count="2" type="stmt"/>
        <line num="4" count="2" type="stmt"/>
        <line num="5" count="2" type="stmt"/>
        <line num="277" count="2" type="stmt"/>
        <line num="278" count="10" type="stmt"/>
        <line num="280" count="10" type="stmt"/>
        <line num="281" count="10" type="stmt"/>
        <line num="282" count="10" type="stmt"/>
        <line num="283" count="10" type="stmt"/>
        <line num="284" count="10" type="stmt"/>
        <line num="287" count="10" type="stmt"/>
        <line num="291" count="9" type="cond" truecount="2" falsecount="0"/>
        <line num="292" count="9" type="stmt"/>
        <line num="293" count="9" type="stmt"/>
        <line num="296" count="1" type="stmt"/>
        <line num="297" count="1" type="stmt"/>
        <line num="298" count="1" type="stmt"/>
        <line num="304" count="15" type="stmt"/>
        <line num="306" count="15" type="cond" truecount="1" falsecount="0"/>
        <line num="307" count="3" type="stmt"/>
        <line num="308" count="3" type="stmt"/>
        <line num="309" count="9" type="cond" truecount="3" falsecount="0"/>
        <line num="315" count="15" type="cond" truecount="1" falsecount="0"/>
        <line num="316" count="4" type="stmt"/>
        <line num="319" count="15" type="stmt"/>
        <line num="323" count="5" type="cond" truecount="2" falsecount="0"/>
        <line num="327" count="5" type="cond" truecount="2" falsecount="0"/>
      </file>
    </package>
    <package name="app.features.dashboard">
      <metrics statements="56" coveredstatements="56" conditionals="11" coveredconditionals="11" methods="23" coveredmethods="23"/>
      <file name="dashboard.component.ts" path="C:\Users\athit\Demo Projects\3-insightboard-admin\src\app\features\dashboard\dashboard.component.ts">
        <metrics statements="56" coveredstatements="56" conditionals="11" coveredconditionals="11" methods="23" coveredmethods="23"/>
        <line num="1" count="2" type="stmt"/>
        <line num="10" count="2" type="stmt"/>
        <line num="11" count="2" type="stmt"/>
        <line num="12" count="2" type="stmt"/>
        <line num="13" count="2" type="stmt"/>
        <line num="15" count="2" type="stmt"/>
        <line num="516" count="2" type="stmt"/>
        <line num="521" count="6" type="stmt"/>
        <line num="523" count="6" type="stmt"/>
        <line num="524" count="6" type="stmt"/>
        <line num="525" count="6" type="stmt"/>
        <line num="526" count="6" type="stmt"/>
        <line num="528" count="6" type="stmt"/>
        <line num="531" count="3" type="stmt"/>
        <line num="532" count="3" type="stmt"/>
        <line num="533" count="6" type="stmt"/>
        <line num="534" count="3" type="stmt"/>
        <line num="535" count="3" type="stmt"/>
        <line num="538" count="3" type="stmt"/>
        <line num="539" count="3" type="cond" truecount="2" falsecount="0"/>
        <line num="544" count="13" type="stmt"/>
        <line num="548" count="3" type="stmt"/>
        <line num="561" count="3" type="stmt"/>
        <line num="563" count="3" type="cond" truecount="1" falsecount="0"/>
        <line num="564" count="3" type="stmt"/>
        <line num="565" count="3" type="stmt"/>
        <line num="568" count="6" type="stmt"/>
        <line num="571" count="6" type="stmt"/>
        <line num="573" count="1" type="stmt"/>
        <line num="574" count="1" type="stmt"/>
        <line num="575" count="1" type="stmt"/>
        <line num="576" count="1" type="stmt"/>
        <line num="594" count="1" type="stmt"/>
        <line num="603" count="1" type="stmt"/>
        <line num="609" count="3" type="stmt"/>
        <line num="612" count="3" type="cond" truecount="1" falsecount="0"/>
        <line num="613" count="3" type="stmt"/>
        <line num="614" count="3" type="stmt"/>
        <line num="617" count="6" type="stmt"/>
        <line num="619" count="6" type="stmt"/>
        <line num="641" count="3" type="stmt"/>
        <line num="644" count="3" type="cond" truecount="1" falsecount="0"/>
        <line num="645" count="3" type="stmt"/>
        <line num="646" count="3" type="stmt"/>
        <line num="647" count="3" type="stmt"/>
        <line num="648" count="3" type="stmt"/>
        <line num="650" count="3" type="stmt"/>
        <line num="654" count="6" type="stmt"/>
        <line num="655" count="6" type="stmt"/>
        <line num="659" count="6" type="stmt"/>
        <line num="680" count="1" type="stmt"/>
        <line num="695" count="3" type="stmt"/>
        <line num="700" count="2" type="stmt"/>
        <line num="706" count="2" type="cond" truecount="2" falsecount="0"/>
        <line num="710" count="3" type="cond" truecount="2" falsecount="0"/>
        <line num="711" count="3" type="cond" truecount="2" falsecount="0"/>
      </file>
    </package>
    <package name="app.features.incidents">
      <metrics statements="17" coveredstatements="15" conditionals="0" coveredconditionals="0" methods="11" coveredmethods="9"/>
      <file name="incidents.component.ts" path="C:\Users\athit\Demo Projects\3-insightboard-admin\src\app\features\incidents\incidents.component.ts">
        <metrics statements="17" coveredstatements="15" conditionals="0" coveredconditionals="0" methods="11" coveredmethods="9"/>
        <line num="1" count="2" type="stmt"/>
        <line num="2" count="2" type="stmt"/>
        <line num="3" count="2" type="stmt"/>
        <line num="4" count="2" type="stmt"/>
        <line num="142" count="2" type="stmt"/>
        <line num="143" count="2" type="stmt"/>
        <line num="144" count="2" type="stmt"/>
        <line num="147" count="2" type="stmt"/>
        <line num="151" count="4" type="stmt"/>
        <line num="152" count="3" type="stmt"/>
        <line num="153" count="1" type="stmt"/>
        <line num="158" count="1" type="stmt"/>
        <line num="159" count="1" type="stmt"/>
        <line num="160" count="0" type="stmt"/>
        <line num="165" count="1" type="stmt"/>
        <line num="166" count="1" type="stmt"/>
        <line num="167" count="0" type="stmt"/>
      </file>
    </package>
    <package name="app.features.login">
      <metrics statements="27" coveredstatements="27" conditionals="6" coveredconditionals="6" methods="5" coveredmethods="5"/>
      <file name="login.component.ts" path="C:\Users\athit\Demo Projects\3-insightboard-admin\src\app\features\login\login.component.ts">
        <metrics statements="27" coveredstatements="27" conditionals="6" coveredconditionals="6" methods="5" coveredmethods="5"/>
        <line num="1" count="2" type="stmt"/>
        <line num="2" count="2" type="stmt"/>
        <line num="3" count="2" type="stmt"/>
        <line num="4" count="2" type="stmt"/>
        <line num="5" count="2" type="stmt"/>
        <line num="154" count="2" type="stmt"/>
        <line num="155" count="5" type="stmt"/>
        <line num="156" count="5" type="stmt"/>
        <line num="158" count="5" type="stmt"/>
        <line num="159" count="5" type="stmt"/>
        <line num="160" count="5" type="stmt"/>
        <line num="161" count="5" type="stmt"/>
        <line num="164" count="5" type="cond" truecount="3" falsecount="0"/>
        <line num="165" count="1" type="stmt"/>
        <line num="166" count="1" type="stmt"/>
        <line num="169" count="4" type="stmt"/>
        <line num="170" count="4" type="stmt"/>
        <line num="171" count="4" type="stmt"/>
        <line num="173" count="2" type="cond" truecount="1" falsecount="0"/>
        <line num="174" count="1" type="stmt"/>
        <line num="175" count="1" type="stmt"/>
        <line num="176" count="1" type="stmt"/>
        <line num="177" count="1" type="stmt"/>
        <line num="179" count="1" type="stmt"/>
        <line num="182" count="2" type="cond" truecount="2" falsecount="0"/>
        <line num="183" count="2" type="stmt"/>
        <line num="186" count="2" type="stmt"/>
      </file>
    </package>
    <package name="app.features.transactions">
      <metrics statements="53" coveredstatements="53" conditionals="16" coveredconditionals="16" methods="24" coveredmethods="24"/>
      <file name="transactions.component.ts" path="C:\Users\athit\Demo Projects\3-insightboard-admin\src\app\features\transactions\transactions.component.ts">
        <metrics statements="53" coveredstatements="53" conditionals="16" coveredconditionals="16" methods="24" coveredmethods="24"/>
        <line num="1" count="2" type="stmt"/>
        <line num="2" count="2" type="stmt"/>
        <line num="3" count="2" type="stmt"/>
        <line num="4" count="2" type="stmt"/>
        <line num="5" count="2" type="stmt"/>
        <line num="341" count="2" type="stmt"/>
        <line num="342" count="10" type="stmt"/>
        <line num="344" count="10" type="stmt"/>
        <line num="345" count="10" type="stmt"/>
        <line num="346" count="10" type="stmt"/>
        <line num="347" count="10" type="stmt"/>
        <line num="349" count="10" type="stmt"/>
        <line num="357" count="10" type="stmt"/>
        <line num="361" count="11" type="stmt"/>
        <line num="363" count="11" type="cond" truecount="1" falsecount="0"/>
        <line num="364" count="1" type="stmt"/>
        <line num="367" count="11" type="stmt"/>
        <line num="369" count="10" type="cond" truecount="2" falsecount="0"/>
        <line num="370" count="10" type="stmt"/>
        <line num="371" count="10" type="cond" truecount="2" falsecount="0"/>
        <line num="372" count="16" type="stmt"/>
        <line num="373" count="16" type="stmt"/>
        <line num="374" count="10" type="stmt"/>
        <line num="375" count="16" type="stmt"/>
        <line num="376" count="6" type="stmt"/>
        <line num="377" count="10" type="stmt"/>
        <line num="380" count="1" type="stmt"/>
        <line num="418" count="1" type="stmt"/>
        <line num="419" count="1" type="stmt"/>
        <line num="420" count="1" type="stmt"/>
        <line num="421" count="1" type="stmt"/>
        <line num="427" count="5" type="cond" truecount="2" falsecount="0"/>
        <line num="431" count="1" type="stmt"/>
        <line num="435" count="1" type="cond" truecount="2" falsecount="0"/>
        <line num="439" count="1" type="stmt"/>
        <line num="443" count="1" type="cond" truecount="2" falsecount="0"/>
        <line num="448" count="1" type="stmt"/>
        <line num="452" count="3" type="stmt"/>
        <line num="456" count="1" type="stmt"/>
        <line num="460" count="1" type="stmt"/>
        <line num="464" count="1" type="stmt"/>
        <line num="472" count="6" type="stmt"/>
        <line num="473" count="6" type="cond" truecount="1" falsecount="0"/>
        <line num="474" count="1" type="stmt"/>
        <line num="475" count="1" type="stmt"/>
        <line num="478" count="5" type="stmt"/>
        <line num="479" count="5" type="stmt"/>
        <line num="480" count="5" type="stmt"/>
        <line num="487" count="4" type="stmt"/>
        <line num="488" count="4" type="stmt"/>
        <line num="489" count="12" type="cond" truecount="2" falsecount="0"/>
        <line num="501" count="4" type="stmt"/>
        <line num="504" count="1" type="stmt"/>
      </file>
    </package>
    <package name="app.shared.components.header">
      <metrics statements="17" coveredstatements="17" conditionals="10" coveredconditionals="10" methods="6" coveredmethods="6"/>
      <file name="header.component.ts" path="C:\Users\athit\Demo Projects\3-insightboard-admin\src\app\shared\components\header\header.component.ts">
        <metrics statements="17" coveredstatements="17" conditionals="10" coveredconditionals="10" methods="6" coveredmethods="6"/>
        <line num="1" count="2" type="stmt"/>
        <line num="2" count="2" type="stmt"/>
        <line num="3" count="2" type="stmt"/>
        <line num="275" count="2" type="stmt"/>
        <line num="276" count="7" type="stmt"/>
        <line num="278" count="7" type="stmt"/>
        <line num="280" count="7" type="stmt"/>
        <line num="281" count="7" type="stmt"/>
        <line num="282" count="7" type="cond" truecount="2" falsecount="0"/>
        <line num="283" count="7" type="cond" truecount="2" falsecount="0"/>
        <line num="284" count="7" type="stmt"/>
        <line num="285" count="2" type="cond" truecount="2" falsecount="0"/>
        <line num="287" count="3" type="stmt"/>
        <line num="294" count="7" type="stmt"/>
        <line num="295" count="7" type="cond" truecount="4" falsecount="0"/>
        <line num="296" count="7" type="stmt"/>
        <line num="307" count="1" type="stmt"/>
      </file>
    </package>
    <package name="app.shared.components.sidebar">
      <metrics statements="12" coveredstatements="12" conditionals="0" coveredconditionals="0" methods="4" coveredmethods="4"/>
      <file name="sidebar.component.ts" path="C:\Users\athit\Demo Projects\3-insightboard-admin\src\app\shared\components\sidebar\sidebar.component.ts">
        <metrics statements="12" coveredstatements="12" conditionals="0" coveredconditionals="0" methods="4" coveredmethods="4"/>
        <line num="1" count="2" type="stmt"/>
        <line num="2" count="2" type="stmt"/>
        <line num="3" count="2" type="stmt"/>
        <line num="4" count="2" type="stmt"/>
        <line num="299" count="2" type="stmt"/>
        <line num="300" count="3" type="stmt"/>
        <line num="301" count="3" type="stmt"/>
        <line num="303" count="3" type="stmt"/>
        <line num="305" count="3" type="stmt"/>
        <line num="311" count="3" type="stmt"/>
        <line num="317" count="2" type="stmt"/>
        <line num="321" count="1" type="stmt"/>
      </file>
    </package>
  </project>
</coverage>
