{"C:\\Users\\athit\\Demo Projects\\3-insightboard-admin\\src\\app\\app.component.ts": {"path":"C:\\Users\\athit\\Demo Projects\\3-insightboard-admin\\src\\app\\app.component.ts","statementMap":{"0":{"start":{"line":1,"column":0},"end":{"line":1,"column":68}},"1":{"start":{"line":2,"column":0},"end":{"line":2,"column":70}},"2":{"start":{"line":3,"column":0},"end":{"line":3,"column":47}},"3":{"start":{"line":4,"column":0},"end":{"line":4,"column":30}},"4":{"start":{"line":5,"column":0},"end":{"line":5,"column":81}},"5":{"start":{"line":6,"column":0},"end":{"line":6,"column":78}},"6":{"start":{"line":7,"column":0},"end":{"line":7,"column":59}},"7":{"start":{"line":55,"column":10},"end":{"line":55,"column":34}},"8":{"start":{"line":56,"column":10},"end":{"line":56,"column":37}},"9":{"start":{"line":57,"column":10},"end":{"line":57,"column":47}},"10":{"start":{"line":59,"column":2},"end":{"line":59,"column":97}},"11":{"start":{"line":59,"column":34},"end":{"line":59,"column":95}},"12":{"start":{"line":62,"column":4},"end":{"line":64,"column":61}},"13":{"start":{"line":63,"column":28},"end":{"line":63,"column":58}},"14":{"start":{"line":64,"column":23},"end":{"line":64,"column":59}},"15":{"start":{"line":66,"column":4},"end":{"line":68,"column":7}},"16":{"start":{"line":67,"column":19},"end":{"line":67,"column":42}},"17":{"start":{"line":54,"column":13},"end":{"line":54,"column":25}},"18":{"start":{"line":54,"column":13},"end":{"line":70,"column":null}}},"fnMap":{"0":{"name":"(anonymous_0)","decl":{"start":{"line":61,"column":2},"end":{"line":61,"column":null}},"loc":{"start":{"line":61,"column":2},"end":{"line":69,"column":3}}},"1":{"name":"(anonymous_1)","decl":{"start":{"line":59,"column":28},"end":{"line":59,"column":31}},"loc":{"start":{"line":59,"column":34},"end":{"line":59,"column":95}}},"2":{"name":"(anonymous_2)","decl":{"start":{"line":63,"column":19},"end":{"line":63,"column":24}},"loc":{"start":{"line":63,"column":28},"end":{"line":63,"column":58}}},"3":{"name":"(anonymous_3)","decl":{"start":{"line":64,"column":17},"end":{"line":64,"column":20}},"loc":{"start":{"line":64,"column":23},"end":{"line":64,"column":59}}},"4":{"name":"(anonymous_4)","decl":{"start":{"line":67,"column":13},"end":{"line":67,"column":16}},"loc":{"start":{"line":67,"column":19},"end":{"line":67,"column":42}}}},"branchMap":{"0":{"loc":{"start":{"line":59,"column":34},"end":{"line":59,"column":95}},"type":"binary-expr","locations":[{"start":{"line":59,"column":34},"end":{"line":59,"column":64}},{"start":{"line":59,"column":68},"end":{"line":59,"column":95}}]}},"s":{"0":1,"1":1,"2":1,"3":1,"4":1,"5":1,"6":1,"7":3,"8":3,"9":3,"10":3,"11":2,"12":3,"13":1,"14":1,"15":3,"16":1,"17":1,"18":1},"f":{"0":3,"1":2,"2":1,"3":1,"4":1},"b":{"0":[2,1]}}
,"C:\\Users\\athit\\Demo Projects\\3-insightboard-admin\\src\\app\\app.config.ts": {"path":"C:\\Users\\athit\\Demo Projects\\3-insightboard-admin\\src\\app\\app.config.ts","statementMap":{"0":{"start":{"line":1,"column":0},"end":{"line":1,"column":78}},"1":{"start":{"line":2,"column":0},"end":{"line":2,"column":96}},"2":{"start":{"line":3,"column":0},"end":{"line":3,"column":75}},"3":{"start":{"line":4,"column":0},"end":{"line":4,"column":73}},"4":{"start":{"line":5,"column":0},"end":{"line":5,"column":38}},"5":{"start":{"line":6,"column":0},"end":{"line":6,"column":71}},"6":{"start":{"line":8,"column":13},"end":{"line":15,"column":2}}},"fnMap":{},"branchMap":{},"s":{"0":1,"1":1,"2":1,"3":1,"4":1,"5":1,"6":1},"f":{},"b":{}}
,"C:\\Users\\athit\\Demo Projects\\3-insightboard-admin\\src\\app\\app.routes.ts": {"path":"C:\\Users\\athit\\Demo Projects\\3-insightboard-admin\\src\\app\\app.routes.ts","statementMap":{"0":{"start":{"line":2,"column":0},"end":{"line":2,"column":64}},"1":{"start":{"line":4,"column":13},"end":{"line":33,"column":2}},"2":{"start":{"line":8,"column":6},"end":{"line":8,"column":76}},"3":{"start":{"line":8,"column":6},"end":{"line":8,"column":49}},"4":{"start":{"line":8,"column":59},"end":{"line":8,"column":75}},"5":{"start":{"line":14,"column":6},"end":{"line":14,"column":88}},"6":{"start":{"line":14,"column":6},"end":{"line":14,"column":57}},"7":{"start":{"line":14,"column":67},"end":{"line":14,"column":87}},"8":{"start":{"line":21,"column":6},"end":{"line":21,"column":102}},"9":{"start":{"line":21,"column":6},"end":{"line":21,"column":67}},"10":{"start":{"line":21,"column":77},"end":{"line":21,"column":101}},"11":{"start":{"line":28,"column":6},"end":{"line":28,"column":97}},"12":{"start":{"line":28,"column":6},"end":{"line":28,"column":63}},"13":{"start":{"line":28,"column":73},"end":{"line":28,"column":96}}},"fnMap":{"0":{"name":"(anonymous_0)","decl":{"start":{"line":7,"column":19},"end":{"line":7,"column":22}},"loc":{"start":{"line":8,"column":6},"end":{"line":8,"column":76}}},"1":{"name":"(anonymous_1)","decl":{"start":{"line":8,"column":6},"end":{"line":8,"column":13}},"loc":{"start":{"line":8,"column":6},"end":{"line":8,"column":49}}},"2":{"name":"(anonymous_2)","decl":{"start":{"line":8,"column":54},"end":{"line":8,"column":55}},"loc":{"start":{"line":8,"column":59},"end":{"line":8,"column":75}}},"3":{"name":"(anonymous_3)","decl":{"start":{"line":13,"column":19},"end":{"line":13,"column":22}},"loc":{"start":{"line":14,"column":6},"end":{"line":14,"column":88}}},"4":{"name":"(anonymous_4)","decl":{"start":{"line":14,"column":6},"end":{"line":14,"column":13}},"loc":{"start":{"line":14,"column":6},"end":{"line":14,"column":57}}},"5":{"name":"(anonymous_5)","decl":{"start":{"line":14,"column":62},"end":{"line":14,"column":63}},"loc":{"start":{"line":14,"column":67},"end":{"line":14,"column":87}}},"6":{"name":"(anonymous_6)","decl":{"start":{"line":20,"column":19},"end":{"line":20,"column":22}},"loc":{"start":{"line":21,"column":6},"end":{"line":21,"column":102}}},"7":{"name":"(anonymous_7)","decl":{"start":{"line":21,"column":6},"end":{"line":21,"column":13}},"loc":{"start":{"line":21,"column":6},"end":{"line":21,"column":67}}},"8":{"name":"(anonymous_8)","decl":{"start":{"line":21,"column":72},"end":{"line":21,"column":73}},"loc":{"start":{"line":21,"column":77},"end":{"line":21,"column":101}}},"9":{"name":"(anonymous_9)","decl":{"start":{"line":27,"column":19},"end":{"line":27,"column":22}},"loc":{"start":{"line":28,"column":6},"end":{"line":28,"column":97}}},"10":{"name":"(anonymous_10)","decl":{"start":{"line":28,"column":6},"end":{"line":28,"column":13}},"loc":{"start":{"line":28,"column":6},"end":{"line":28,"column":63}}},"11":{"name":"(anonymous_11)","decl":{"start":{"line":28,"column":68},"end":{"line":28,"column":69}},"loc":{"start":{"line":28,"column":73},"end":{"line":28,"column":96}}}},"branchMap":{},"s":{"0":2,"1":2,"2":1,"3":1,"4":1,"5":1,"6":1,"7":1,"8":1,"9":1,"10":1,"11":1,"12":1,"13":1},"f":{"0":1,"1":1,"2":1,"3":1,"4":1,"5":1,"6":1,"7":1,"8":1,"9":1,"10":1,"11":1},"b":{}}
,"C:\\Users\\athit\\Demo Projects\\3-insightboard-admin\\src\\app\\core\\guards\\admin-auth.guard.ts": {"path":"C:\\Users\\athit\\Demo Projects\\3-insightboard-admin\\src\\app\\core\\guards\\admin-auth.guard.ts","statementMap":{"0":{"start":{"line":1,"column":0},"end":{"line":1,"column":39}},"1":{"start":{"line":2,"column":0},"end":{"line":2,"column":56}},"2":{"start":{"line":3,"column":0},"end":{"line":3,"column":55}},"3":{"start":{"line":5,"column":45},"end":{"line":14,"column":1}},"4":{"start":{"line":6,"column":15},"end":{"line":6,"column":34}},"5":{"start":{"line":7,"column":17},"end":{"line":7,"column":31}},"6":{"start":{"line":9,"column":2},"end":{"line":11,"column":3}},"7":{"start":{"line":10,"column":4},"end":{"line":10,"column":16}},"8":{"start":{"line":13,"column":2},"end":{"line":13,"column":42}},"9":{"start":{"line":5,"column":13},"end":{"line":5,"column":45}}},"fnMap":{"0":{"name":"(anonymous_0)","decl":{"start":{"line":5,"column":45},"end":{"line":5,"column":48}},"loc":{"start":{"line":5,"column":50},"end":{"line":14,"column":1}}}},"branchMap":{"0":{"loc":{"start":{"line":9,"column":2},"end":{"line":11,"column":3}},"type":"if","locations":[{"start":{"line":9,"column":2},"end":{"line":11,"column":3}},{"start":{},"end":{}}]},"1":{"loc":{"start":{"line":9,"column":6},"end":{"line":9,"column":46}},"type":"binary-expr","locations":[{"start":{"line":9,"column":6},"end":{"line":9,"column":28}},{"start":{"line":9,"column":32},"end":{"line":9,"column":46}}]}},"s":{"0":3,"1":3,"2":3,"3":3,"4":2,"5":2,"6":2,"7":1,"8":1,"9":3},"f":{"0":2},"b":{"0":[1,1],"1":[2,1]}}
,"C:\\Users\\athit\\Demo Projects\\3-insightboard-admin\\src\\app\\core\\interceptors\\auth.interceptor.ts": {"path":"C:\\Users\\athit\\Demo Projects\\3-insightboard-admin\\src\\app\\core\\interceptors\\auth.interceptor.ts","statementMap":{"0":{"start":{"line":1,"column":0},"end":{"line":1,"column":76}},"1":{"start":{"line":2,"column":0},"end":{"line":2,"column":39}},"2":{"start":{"line":3,"column":0},"end":{"line":3,"column":41}},"3":{"start":{"line":4,"column":0},"end":{"line":4,"column":46}},"4":{"start":{"line":5,"column":0},"end":{"line":5,"column":55}},"5":{"start":{"line":7,"column":50},"end":{"line":24,"column":1}},"6":{"start":{"line":8,"column":15},"end":{"line":8,"column":34}},"7":{"start":{"line":9,"column":17},"end":{"line":9,"column":31}},"8":{"start":{"line":10,"column":16},"end":{"line":10,"column":34}},"9":{"start":{"line":11,"column":18},"end":{"line":13,"column":9}},"10":{"start":{"line":15,"column":2},"end":{"line":23,"column":4}},"11":{"start":{"line":17,"column":6},"end":{"line":20,"column":7}},"12":{"start":{"line":18,"column":8},"end":{"line":18,"column":27}},"13":{"start":{"line":19,"column":8},"end":{"line":19,"column":36}},"14":{"start":{"line":21,"column":6},"end":{"line":21,"column":37}},"15":{"start":{"line":21,"column":30},"end":{"line":21,"column":35}},"16":{"start":{"line":7,"column":13},"end":{"line":7,"column":50}}},"fnMap":{"0":{"name":"(anonymous_0)","decl":{"start":{"line":7,"column":50},"end":{"line":7,"column":51}},"loc":{"start":{"line":7,"column":64},"end":{"line":24,"column":1}}},"1":{"name":"(anonymous_1)","decl":{"start":{"line":16,"column":15},"end":{"line":16,"column":16}},"loc":{"start":{"line":16,"column":34},"end":{"line":22,"column":5}}},"2":{"name":"(anonymous_2)","decl":{"start":{"line":21,"column":24},"end":{"line":21,"column":27}},"loc":{"start":{"line":21,"column":30},"end":{"line":21,"column":35}}}},"branchMap":{"0":{"loc":{"start":{"line":11,"column":18},"end":{"line":13,"column":9}},"type":"cond-expr","locations":[{"start":{"line":12,"column":6},"end":{"line":12,"column":69}},{"start":{"line":13,"column":6},"end":{"line":13,"column":9}}]},"1":{"loc":{"start":{"line":17,"column":6},"end":{"line":20,"column":7}},"type":"if","locations":[{"start":{"line":17,"column":6},"end":{"line":20,"column":7}},{"start":{},"end":{}}]},"2":{"loc":{"start":{"line":17,"column":10},"end":{"line":17,"column":104}},"type":"binary-expr","locations":[{"start":{"line":17,"column":10},"end":{"line":17,"column":44}},{"start":{"line":17,"column":48},"end":{"line":17,"column":68}},{"start":{"line":17,"column":72},"end":{"line":17,"column":104}}]}},"s":{"0":2,"1":2,"2":2,"3":2,"4":2,"5":2,"6":3,"7":3,"8":3,"9":3,"10":3,"11":2,"12":1,"13":1,"14":2,"15":2,"16":2},"f":{"0":3,"1":2,"2":2},"b":{"0":[2,1],"1":[1,1],"2":[2,2,2]}}
,"C:\\Users\\athit\\Demo Projects\\3-insightboard-admin\\src\\app\\core\\services\\analytics.service.ts": {"path":"C:\\Users\\athit\\Demo Projects\\3-insightboard-admin\\src\\app\\core\\services\\analytics.service.ts","statementMap":{"0":{"start":{"line":1,"column":0},"end":{"line":1,"column":51}},"1":{"start":{"line":2,"column":0},"end":{"line":2,"column":62}},"2":{"start":{"line":4,"column":0},"end":{"line":4,"column":64}},"3":{"start":{"line":32,"column":7},"end":{"line":51,"column":null}},"4":{"start":{"line":33,"column":10},"end":{"line":33,"column":36}},"5":{"start":{"line":34,"column":10},"end":{"line":34,"column":51}},"6":{"start":{"line":37,"column":4},"end":{"line":39,"column":7}},"7":{"start":{"line":43,"column":4},"end":{"line":45,"column":7}},"8":{"start":{"line":49,"column":4},"end":{"line":49,"column":55}},"9":{"start":{"line":32,"column":13},"end":{"line":32,"column":29}},"10":{"start":{"line":32,"column":13},"end":{"line":51,"column":null}}},"fnMap":{"0":{"name":"(anonymous_0)","decl":{"start":{"line":32,"column":7},"end":{"line":32,"column":13}},"loc":{"start":{"line":32,"column":7},"end":{"line":51,"column":1}}},"1":{"name":"(anonymous_1)","decl":{"start":{"line":36,"column":2},"end":{"line":36,"column":14}},"loc":{"start":{"line":36,"column":24},"end":{"line":40,"column":3}}},"2":{"name":"(anonymous_2)","decl":{"start":{"line":42,"column":2},"end":{"line":42,"column":19}},"loc":{"start":{"line":42,"column":30},"end":{"line":46,"column":3}}},"3":{"name":"(anonymous_3)","decl":{"start":{"line":48,"column":2},"end":{"line":48,"column":17}},"loc":{"start":{"line":48,"column":17},"end":{"line":50,"column":3}}}},"branchMap":{"0":{"loc":{"start":{"line":36,"column":15},"end":{"line":36,"column":24}},"type":"default-arg","locations":[{"start":{"line":36,"column":22},"end":{"line":36,"column":24}}]},"1":{"loc":{"start":{"line":42,"column":20},"end":{"line":42,"column":30}},"type":"default-arg","locations":[{"start":{"line":42,"column":28},"end":{"line":42,"column":30}}]}},"s":{"0":3,"1":3,"2":3,"3":3,"4":5,"5":5,"6":2,"7":2,"8":1,"9":3,"10":3},"f":{"0":5,"1":2,"2":2,"3":1},"b":{"0":[1],"1":[1]}}
,"C:\\Users\\athit\\Demo Projects\\3-insightboard-admin\\src\\app\\core\\services\\auth.service.ts": {"path":"C:\\Users\\athit\\Demo Projects\\3-insightboard-admin\\src\\app\\core\\services\\auth.service.ts","statementMap":{"0":{"start":{"line":1,"column":0},"end":{"line":1,"column":69}},"1":{"start":{"line":2,"column":0},"end":{"line":2,"column":50}},"2":{"start":{"line":3,"column":0},"end":{"line":3,"column":41}},"3":{"start":{"line":4,"column":0},"end":{"line":4,"column":39}},"4":{"start":{"line":5,"column":0},"end":{"line":5,"column":64}},"5":{"start":{"line":22,"column":25},"end":{"line":22,"column":52}},"6":{"start":{"line":23,"column":26},"end":{"line":23,"column":54}},"7":{"start":{"line":24,"column":22},"end":{"line":24,"column":46}},"8":{"start":{"line":27,"column":7},"end":{"line":92,"column":null}},"9":{"start":{"line":28,"column":10},"end":{"line":28,"column":36}},"10":{"start":{"line":29,"column":10},"end":{"line":29,"column":34}},"11":{"start":{"line":31,"column":10},"end":{"line":31,"column":91}},"12":{"start":{"line":32,"column":10},"end":{"line":32,"column":93}},"13":{"start":{"line":33,"column":10},"end":{"line":33,"column":69}},"14":{"start":{"line":35,"column":11},"end":{"line":35,"column":65}},"15":{"start":{"line":35,"column":40},"end":{"line":35,"column":63}},"16":{"start":{"line":36,"column":11},"end":{"line":36,"column":67}},"17":{"start":{"line":36,"column":41},"end":{"line":36,"column":65}},"18":{"start":{"line":37,"column":11},"end":{"line":37,"column":51}},"19":{"start":{"line":37,"column":33},"end":{"line":37,"column":49}},"20":{"start":{"line":38,"column":11},"end":{"line":38,"column":93}},"21":{"start":{"line":38,"column":44},"end":{"line":38,"column":91}},"22":{"start":{"line":39,"column":11},"end":{"line":39,"column":73}},"23":{"start":{"line":39,"column":36},"end":{"line":39,"column":71}},"24":{"start":{"line":42,"column":4},"end":{"line":44,"column":6}},"25":{"start":{"line":43,"column":22},"end":{"line":43,"column":46}},"26":{"start":{"line":48,"column":4},"end":{"line":48,"column":46}},"27":{"start":{"line":49,"column":4},"end":{"line":49,"column":47}},"28":{"start":{"line":50,"column":4},"end":{"line":50,"column":43}},"29":{"start":{"line":51,"column":4},"end":{"line":51,"column":36}},"30":{"start":{"line":52,"column":4},"end":{"line":52,"column":37}},"31":{"start":{"line":53,"column":4},"end":{"line":53,"column":29}},"32":{"start":{"line":54,"column":4},"end":{"line":56,"column":5}},"33":{"start":{"line":55,"column":6},"end":{"line":55,"column":39}},"34":{"start":{"line":60,"column":4},"end":{"line":62,"column":5}},"35":{"start":{"line":61,"column":6},"end":{"line":61,"column":18}},"36":{"start":{"line":63,"column":4},"end":{"line":68,"column":6}},"37":{"start":{"line":65,"column":8},"end":{"line":65,"column":33}},"38":{"start":{"line":66,"column":8},"end":{"line":66,"column":66}},"39":{"start":{"line":72,"column":4},"end":{"line":72,"column":53}},"40":{"start":{"line":73,"column":4},"end":{"line":73,"column":55}},"41":{"start":{"line":74,"column":4},"end":{"line":74,"column":38}},"42":{"start":{"line":75,"column":4},"end":{"line":75,"column":66}},"43":{"start":{"line":76,"column":4},"end":{"line":76,"column":68}},"44":{"start":{"line":77,"column":4},"end":{"line":77,"column":71}},"45":{"start":{"line":81,"column":16},"end":{"line":81,"column":51}},"46":{"start":{"line":82,"column":4},"end":{"line":84,"column":5}},"47":{"start":{"line":83,"column":6},"end":{"line":83,"column":18}},"48":{"start":{"line":85,"column":4},"end":{"line":90,"column":5}},"49":{"start":{"line":86,"column":6},"end":{"line":86,"column":41}},"50":{"start":{"line":88,"column":6},"end":{"line":88,"column":45}},"51":{"start":{"line":89,"column":6},"end":{"line":89,"column":18}},"52":{"start":{"line":27,"column":13},"end":{"line":27,"column":24}},"53":{"start":{"line":27,"column":13},"end":{"line":92,"column":null}}},"fnMap":{"0":{"name":"(anonymous_0)","decl":{"start":{"line":27,"column":7},"end":{"line":27,"column":13}},"loc":{"start":{"line":27,"column":7},"end":{"line":92,"column":1}}},"1":{"name":"(anonymous_1)","decl":{"start":{"line":35,"column":34},"end":{"line":35,"column":37}},"loc":{"start":{"line":35,"column":40},"end":{"line":35,"column":63}}},"2":{"name":"(anonymous_2)","decl":{"start":{"line":36,"column":35},"end":{"line":36,"column":38}},"loc":{"start":{"line":36,"column":41},"end":{"line":36,"column":65}}},"3":{"name":"(anonymous_3)","decl":{"start":{"line":37,"column":27},"end":{"line":37,"column":30}},"loc":{"start":{"line":37,"column":33},"end":{"line":37,"column":49}}},"4":{"name":"(anonymous_4)","decl":{"start":{"line":38,"column":38},"end":{"line":38,"column":41}},"loc":{"start":{"line":38,"column":44},"end":{"line":38,"column":91}}},"5":{"name":"(anonymous_5)","decl":{"start":{"line":39,"column":30},"end":{"line":39,"column":33}},"loc":{"start":{"line":39,"column":36},"end":{"line":39,"column":71}}},"6":{"name":"(anonymous_6)","decl":{"start":{"line":41,"column":2},"end":{"line":41,"column":7}},"loc":{"start":{"line":41,"column":39},"end":{"line":45,"column":3}}},"7":{"name":"(anonymous_7)","decl":{"start":{"line":43,"column":10},"end":{"line":43,"column":18}},"loc":{"start":{"line":43,"column":22},"end":{"line":43,"column":46}}},"8":{"name":"(anonymous_8)","decl":{"start":{"line":47,"column":2},"end":{"line":47,"column":8}},"loc":{"start":{"line":47,"column":24},"end":{"line":57,"column":3}}},"9":{"name":"(anonymous_9)","decl":{"start":{"line":59,"column":2},"end":{"line":59,"column":16}},"loc":{"start":{"line":59,"column":16},"end":{"line":69,"column":3}}},"10":{"name":"(anonymous_10)","decl":{"start":{"line":64,"column":10},"end":{"line":64,"column":14}},"loc":{"start":{"line":64,"column":17},"end":{"line":67,"column":7}}},"11":{"name":"(anonymous_11)","decl":{"start":{"line":71,"column":10},"end":{"line":71,"column":19}},"loc":{"start":{"line":71,"column":42},"end":{"line":78,"column":3}}},"12":{"name":"(anonymous_12)","decl":{"start":{"line":80,"column":10},"end":{"line":80,"column":24}},"loc":{"start":{"line":80,"column":24},"end":{"line":91,"column":3}}}},"branchMap":{"0":{"loc":{"start":{"line":38,"column":44},"end":{"line":38,"column":91}},"type":"binary-expr","locations":[{"start":{"line":38,"column":44},"end":{"line":38,"column":69}},{"start":{"line":38,"column":73},"end":{"line":38,"column":91}}]},"1":{"loc":{"start":{"line":47,"column":9},"end":{"line":47,"column":24}},"type":"default-arg","locations":[{"start":{"line":47,"column":20},"end":{"line":47,"column":24}}]},"2":{"loc":{"start":{"line":54,"column":4},"end":{"line":56,"column":5}},"type":"if","locations":[{"start":{"line":54,"column":4},"end":{"line":56,"column":5}},{"start":{},"end":{}}]},"3":{"loc":{"start":{"line":60,"column":4},"end":{"line":62,"column":5}},"type":"if","locations":[{"start":{"line":60,"column":4},"end":{"line":62,"column":5}},{"start":{},"end":{}}]},"4":{"loc":{"start":{"line":82,"column":4},"end":{"line":84,"column":5}},"type":"if","locations":[{"start":{"line":82,"column":4},"end":{"line":84,"column":5}},{"start":{},"end":{}}]}},"s":{"0":8,"1":8,"2":8,"3":8,"4":8,"5":8,"6":8,"7":8,"8":8,"9":7,"10":7,"11":7,"12":7,"13":7,"14":7,"15":2,"16":7,"17":1,"18":7,"19":3,"20":7,"21":1,"22":7,"23":1,"24":2,"25":2,"26":1,"27":1,"28":1,"29":1,"30":1,"31":1,"32":1,"33":1,"34":2,"35":1,"36":1,"37":1,"38":1,"39":2,"40":2,"41":2,"42":2,"43":2,"44":2,"45":7,"46":7,"47":5,"48":2,"49":2,"50":1,"51":1,"52":8,"53":8},"f":{"0":7,"1":2,"2":1,"3":3,"4":1,"5":1,"6":2,"7":2,"8":1,"9":2,"10":1,"11":2,"12":7},"b":{"0":[1,1],"1":[1],"2":[1,0],"3":[1,1],"4":[5,2]}}
,"C:\\Users\\athit\\Demo Projects\\3-insightboard-admin\\src\\app\\features\\bookings-table\\bookings-table.component.ts": {"path":"C:\\Users\\athit\\Demo Projects\\3-insightboard-admin\\src\\app\\features\\bookings-table\\bookings-table.component.ts","statementMap":{"0":{"start":{"line":1,"column":0},"end":{"line":1,"column":66}},"1":{"start":{"line":2,"column":0},"end":{"line":2,"column":47}},"2":{"start":{"line":3,"column":0},"end":{"line":3,"column":45}},"3":{"start":{"line":5,"column":0},"end":{"line":5,"column":62}},"4":{"start":{"line":6,"column":0},"end":{"line":6,"column":64}},"5":{"start":{"line":175,"column":7},"end":{"line":215,"column":null}},"6":{"start":{"line":176,"column":10},"end":{"line":176,"column":36}},"7":{"start":{"line":178,"column":2},"end":{"line":178,"column":34}},"8":{"start":{"line":179,"column":2},"end":{"line":179,"column":39}},"9":{"start":{"line":180,"column":2},"end":{"line":180,"column":28}},"10":{"start":{"line":181,"column":2},"end":{"line":181,"column":19}},"11":{"start":{"line":182,"column":2},"end":{"line":182,"column":20}},"12":{"start":{"line":185,"column":4},"end":{"line":194,"column":7}},"13":{"start":{"line":188,"column":21},"end":{"line":188,"column":62}},"14":{"start":{"line":188,"column":63},"end":{"line":188,"column":89}},"15":{"start":{"line":188,"column":90},"end":{"line":188,"column":104}},"16":{"start":{"line":190,"column":8},"end":{"line":190,"column":33}},"17":{"start":{"line":191,"column":8},"end":{"line":191,"column":33}},"18":{"start":{"line":192,"column":8},"end":{"line":192,"column":22}},"19":{"start":{"line":198,"column":18},"end":{"line":198,"column":36}},"20":{"start":{"line":199,"column":4},"end":{"line":206,"column":5}},"21":{"start":{"line":200,"column":16},"end":{"line":200,"column":46}},"22":{"start":{"line":201,"column":6},"end":{"line":205,"column":8}},"23":{"start":{"line":202,"column":8},"end":{"line":204,"column":41}},"24":{"start":{"line":207,"column":4},"end":{"line":209,"column":5}},"25":{"start":{"line":208,"column":6},"end":{"line":208,"column":68}},"26":{"start":{"line":208,"column":36},"end":{"line":208,"column":66}},"27":{"start":{"line":210,"column":4},"end":{"line":210,"column":39}},"28":{"start":{"line":213,"column":30},"end":{"line":213,"column":154}},"29":{"start":{"line":214,"column":31},"end":{"line":214,"column":146}},"30":{"start":{"line":175,"column":13},"end":{"line":175,"column":35}},"31":{"start":{"line":175,"column":13},"end":{"line":215,"column":null}}},"fnMap":{"0":{"name":"(anonymous_0)","decl":{"start":{"line":175,"column":7},"end":{"line":175,"column":13}},"loc":{"start":{"line":175,"column":7},"end":{"line":215,"column":1}}},"1":{"name":"(anonymous_1)","decl":{"start":{"line":184,"column":2},"end":{"line":184,"column":10}},"loc":{"start":{"line":184,"column":10},"end":{"line":195,"column":3}}},"2":{"name":"(anonymous_2)","decl":{"start":{"line":188,"column":12},"end":{"line":188,"column":15}},"loc":{"start":{"line":188,"column":18},"end":{"line":188,"column":106}}},"3":{"name":"(anonymous_3)","decl":{"start":{"line":189,"column":13},"end":{"line":189,"column":16}},"loc":{"start":{"line":189,"column":18},"end":{"line":193,"column":7}}},"4":{"name":"(anonymous_4)","decl":{"start":{"line":197,"column":2},"end":{"line":197,"column":8}},"loc":{"start":{"line":197,"column":8},"end":{"line":211,"column":3}}},"5":{"name":"(anonymous_5)","decl":{"start":{"line":201,"column":31},"end":{"line":201,"column":32}},"loc":{"start":{"line":202,"column":8},"end":{"line":204,"column":41}}},"6":{"name":"(anonymous_6)","decl":{"start":{"line":208,"column":31},"end":{"line":208,"column":32}},"loc":{"start":{"line":208,"column":36},"end":{"line":208,"column":66}}},"7":{"name":"(anonymous_7)","decl":{"start":{"line":213,"column":2},"end":{"line":213,"column":16}},"loc":{"start":{"line":213,"column":26},"end":{"line":213,"column":156}}},"8":{"name":"(anonymous_8)","decl":{"start":{"line":214,"column":2},"end":{"line":214,"column":17}},"loc":{"start":{"line":214,"column":27},"end":{"line":214,"column":148}}}},"branchMap":{"0":{"loc":{"start":{"line":188,"column":42},"end":{"line":188,"column":60}},"type":"binary-expr","locations":[{"start":{"line":188,"column":42},"end":{"line":188,"column":54}},{"start":{"line":188,"column":58},"end":{"line":188,"column":60}}]},"1":{"loc":{"start":{"line":199,"column":4},"end":{"line":206,"column":5}},"type":"if","locations":[{"start":{"line":199,"column":4},"end":{"line":206,"column":5}},{"start":{},"end":{}}]},"2":{"loc":{"start":{"line":202,"column":8},"end":{"line":204,"column":41}},"type":"binary-expr","locations":[{"start":{"line":202,"column":8},"end":{"line":202,"column":45}},{"start":{"line":203,"column":8},"end":{"line":203,"column":47}},{"start":{"line":204,"column":8},"end":{"line":204,"column":41}}]},"3":{"loc":{"start":{"line":207,"column":4},"end":{"line":209,"column":5}},"type":"if","locations":[{"start":{"line":207,"column":4},"end":{"line":209,"column":5}},{"start":{},"end":{}}]},"4":{"loc":{"start":{"line":213,"column":37},"end":{"line":213,"column":153}},"type":"binary-expr","locations":[{"start":{"line":213,"column":37},"end":{"line":213,"column":147}},{"start":{"line":213,"column":151},"end":{"line":213,"column":153}}]},"5":{"loc":{"start":{"line":214,"column":38},"end":{"line":214,"column":145}},"type":"binary-expr","locations":[{"start":{"line":214,"column":38},"end":{"line":214,"column":139}},{"start":{"line":214,"column":143},"end":{"line":214,"column":145}}]}},"s":{"0":2,"1":2,"2":2,"3":2,"4":2,"5":2,"6":9,"7":9,"8":9,"9":9,"10":9,"11":9,"12":9,"13":8,"14":8,"15":8,"16":1,"17":1,"18":1,"19":14,"20":14,"21":3,"22":3,"23":9,"24":14,"25":2,"26":4,"27":14,"28":5,"29":5,"30":2,"31":2},"f":{"0":9,"1":9,"2":8,"3":1,"4":14,"5":9,"6":4,"7":5,"8":5},"b":{"0":[8,0],"1":[3,11],"2":[9,7,6],"3":[2,12],"4":[5,1],"5":[5,1]}}
,"C:\\Users\\athit\\Demo Projects\\3-insightboard-admin\\src\\app\\features\\dashboard\\dashboard.component.ts": {"path":"C:\\Users\\athit\\Demo Projects\\3-insightboard-admin\\src\\app\\features\\dashboard\\dashboard.component.ts","statementMap":{"0":{"start":{"line":1,"column":0},"end":{"line":1,"column":null}},"1":{"start":{"line":11,"column":0},"end":{"line":11,"column":47}},"2":{"start":{"line":12,"column":0},"end":{"line":12,"column":45}},"3":{"start":{"line":13,"column":0},"end":{"line":13,"column":48}},"4":{"start":{"line":14,"column":0},"end":{"line":14,"column":92}},"5":{"start":{"line":16,"column":0},"end":{"line":16,"column":33}},"6":{"start":{"line":460,"column":10},"end":{"line":460,"column":54}},"7":{"start":{"line":462,"column":2},"end":{"line":462,"column":53}},"8":{"start":{"line":463,"column":2},"end":{"line":463,"column":35}},"9":{"start":{"line":464,"column":2},"end":{"line":464,"column":37}},"10":{"start":{"line":465,"column":2},"end":{"line":465,"column":27}},"11":{"start":{"line":467,"column":10},"end":{"line":467,"column":31}},"12":{"start":{"line":470,"column":4},"end":{"line":475,"column":7}},"13":{"start":{"line":471,"column":6},"end":{"line":471,"column":31}},"14":{"start":{"line":472,"column":6},"end":{"line":472,"column":85}},"15":{"start":{"line":472,"column":66},"end":{"line":472,"column":79}},"16":{"start":{"line":473,"column":6},"end":{"line":473,"column":36}},"17":{"start":{"line":474,"column":6},"end":{"line":474,"column":53}},"18":{"start":{"line":474,"column":23},"end":{"line":474,"column":46}},"19":{"start":{"line":477,"column":4},"end":{"line":479,"column":7}},"20":{"start":{"line":478,"column":6},"end":{"line":478,"column":50}},"21":{"start":{"line":485,"column":4},"end":{"line":485,"column":50}},"22":{"start":{"line":485,"column":33},"end":{"line":485,"column":48}},"23":{"start":{"line":489,"column":4},"end":{"line":498,"column":7}},"24":{"start":{"line":502,"column":4},"end":{"line":502,"column":37}},"25":{"start":{"line":504,"column":4},"end":{"line":551,"column":5}},"26":{"start":{"line":505,"column":18},"end":{"line":505,"column":70}},"27":{"start":{"line":506,"column":20},"end":{"line":549,"column":8}},"28":{"start":{"line":509,"column":48},"end":{"line":509,"column":55}},"29":{"start":{"line":512,"column":48},"end":{"line":512,"column":57}},"30":{"start":{"line":514,"column":31},"end":{"line":514,"column":83}},"31":{"start":{"line":515,"column":14},"end":{"line":515,"column":63}},"32":{"start":{"line":516,"column":14},"end":{"line":516,"column":63}},"33":{"start":{"line":517,"column":14},"end":{"line":517,"column":30}},"34":{"start":{"line":535,"column":45},"end":{"line":535,"column":88}},"35":{"start":{"line":544,"column":35},"end":{"line":544,"column":71}},"36":{"start":{"line":550,"column":6},"end":{"line":550,"column":30}},"37":{"start":{"line":553,"column":4},"end":{"line":583,"column":5}},"38":{"start":{"line":554,"column":18},"end":{"line":554,"column":69}},"39":{"start":{"line":555,"column":20},"end":{"line":581,"column":8}},"40":{"start":{"line":558,"column":53},"end":{"line":558,"column":64}},"41":{"start":{"line":560,"column":53},"end":{"line":560,"column":63}},"42":{"start":{"line":582,"column":6},"end":{"line":582,"column":30}},"43":{"start":{"line":585,"column":4},"end":{"line":637,"column":5}},"44":{"start":{"line":586,"column":18},"end":{"line":586,"column":71}},"45":{"start":{"line":587,"column":23},"end":{"line":587,"column":61}},"46":{"start":{"line":588,"column":6},"end":{"line":588,"column":55}},"47":{"start":{"line":589,"column":6},"end":{"line":589,"column":53}},"48":{"start":{"line":591,"column":20},"end":{"line":635,"column":8}},"49":{"start":{"line":595,"column":25},"end":{"line":595,"column":43}},"50":{"start":{"line":596,"column":12},"end":{"line":596,"column":62}},"51":{"start":{"line":600,"column":46},"end":{"line":600,"column":58}},"52":{"start":{"line":621,"column":45},"end":{"line":621,"column":71}},"53":{"start":{"line":636,"column":6},"end":{"line":636,"column":30}},"54":{"start":{"line":641,"column":40},"end":{"line":646,"column":6}},"55":{"start":{"line":647,"column":4},"end":{"line":647,"column":29}},"56":{"start":{"line":651,"column":16},"end":{"line":651,"column":100}},"57":{"start":{"line":651,"column":86},"end":{"line":651,"column":98}},"58":{"start":{"line":652,"column":4},"end":{"line":652,"column":59}},"59":{"start":{"line":455,"column":13},"end":{"line":455,"column":31}},"60":{"start":{"line":455,"column":13},"end":{"line":654,"column":null}}},"fnMap":{"0":{"name":"(anonymous_0)","decl":{"start":{"line":455,"column":7},"end":{"line":455,"column":13}},"loc":{"start":{"line":455,"column":7},"end":{"line":654,"column":1}}},"1":{"name":"(anonymous_1)","decl":{"start":{"line":469,"column":2},"end":{"line":469,"column":10}},"loc":{"start":{"line":469,"column":10},"end":{"line":480,"column":3}}},"2":{"name":"(anonymous_2)","decl":{"start":{"line":470,"column":53},"end":{"line":470,"column":57}},"loc":{"start":{"line":470,"column":60},"end":{"line":475,"column":5}}},"3":{"name":"(anonymous_3)","decl":{"start":{"line":472,"column":56},"end":{"line":472,"column":57}},"loc":{"start":{"line":472,"column":66},"end":{"line":472,"column":79}}},"4":{"name":"(anonymous_4)","decl":{"start":{"line":474,"column":17},"end":{"line":474,"column":20}},"loc":{"start":{"line":474,"column":23},"end":{"line":474,"column":46}}},"5":{"name":"(anonymous_5)","decl":{"start":{"line":477,"column":57},"end":{"line":477,"column":60}},"loc":{"start":{"line":477,"column":63},"end":{"line":479,"column":5}}},"6":{"name":"(anonymous_6)","decl":{"start":{"line":482,"column":2},"end":{"line":482,"column":17}},"loc":{"start":{"line":482,"column":17},"end":{"line":482,"column":22}}},"7":{"name":"(anonymous_7)","decl":{"start":{"line":484,"column":2},"end":{"line":484,"column":13}},"loc":{"start":{"line":484,"column":13},"end":{"line":486,"column":3}}},"8":{"name":"(anonymous_8)","decl":{"start":{"line":485,"column":24},"end":{"line":485,"column":29}},"loc":{"start":{"line":485,"column":33},"end":{"line":485,"column":48}}},"9":{"name":"(anonymous_9)","decl":{"start":{"line":488,"column":10},"end":{"line":488,"column":23}},"loc":{"start":{"line":488,"column":33},"end":{"line":499,"column":3}}},"10":{"name":"(anonymous_10)","decl":{"start":{"line":501,"column":10},"end":{"line":501,"column":22}},"loc":{"start":{"line":501,"column":46},"end":{"line":638,"column":3}}},"11":{"name":"(anonymous_11)","decl":{"start":{"line":509,"column":43},"end":{"line":509,"column":44}},"loc":{"start":{"line":509,"column":48},"end":{"line":509,"column":55}}},"12":{"name":"(anonymous_12)","decl":{"start":{"line":512,"column":43},"end":{"line":512,"column":44}},"loc":{"start":{"line":512,"column":48},"end":{"line":512,"column":57}}},"13":{"name":"(anonymous_13)","decl":{"start":{"line":513,"column":29},"end":{"line":513,"column":36}},"loc":{"start":{"line":513,"column":39},"end":{"line":518,"column":13}}},"14":{"name":"(anonymous_14)","decl":{"start":{"line":535,"column":34},"end":{"line":535,"column":41}},"loc":{"start":{"line":535,"column":45},"end":{"line":535,"column":88}}},"15":{"name":"(anonymous_15)","decl":{"start":{"line":544,"column":26},"end":{"line":544,"column":31}},"loc":{"start":{"line":544,"column":35},"end":{"line":544,"column":71}}},"16":{"name":"(anonymous_16)","decl":{"start":{"line":558,"column":45},"end":{"line":558,"column":49}},"loc":{"start":{"line":558,"column":53},"end":{"line":558,"column":64}}},"17":{"name":"(anonymous_17)","decl":{"start":{"line":560,"column":45},"end":{"line":560,"column":49}},"loc":{"start":{"line":560,"column":53},"end":{"line":560,"column":63}}},"18":{"name":"(anonymous_18)","decl":{"start":{"line":594,"column":39},"end":{"line":594,"column":42}},"loc":{"start":{"line":594,"column":45},"end":{"line":597,"column":11}}},"19":{"name":"(anonymous_19)","decl":{"start":{"line":600,"column":39},"end":{"line":600,"column":42}},"loc":{"start":{"line":600,"column":46},"end":{"line":600,"column":58}}},"20":{"name":"(anonymous_20)","decl":{"start":{"line":621,"column":34},"end":{"line":621,"column":41}},"loc":{"start":{"line":621,"column":45},"end":{"line":621,"column":71}}},"21":{"name":"(anonymous_21)","decl":{"start":{"line":640,"column":2},"end":{"line":640,"column":16}},"loc":{"start":{"line":640,"column":31},"end":{"line":648,"column":3}}},"22":{"name":"(anonymous_22)","decl":{"start":{"line":650,"column":2},"end":{"line":650,"column":13}},"loc":{"start":{"line":650,"column":29},"end":{"line":653,"column":3}}},"23":{"name":"(anonymous_23)","decl":{"start":{"line":651,"column":78},"end":{"line":651,"column":82}},"loc":{"start":{"line":651,"column":86},"end":{"line":651,"column":98}}}},"branchMap":{"0":{"loc":{"start":{"line":478,"column":30},"end":{"line":478,"column":48}},"type":"binary-expr","locations":[{"start":{"line":478,"column":30},"end":{"line":478,"column":42}},{"start":{"line":478,"column":46},"end":{"line":478,"column":48}}]},"1":{"loc":{"start":{"line":504,"column":4},"end":{"line":551,"column":5}},"type":"if","locations":[{"start":{"line":504,"column":4},"end":{"line":551,"column":5}},{"start":{},"end":{}}]},"2":{"loc":{"start":{"line":553,"column":4},"end":{"line":583,"column":5}},"type":"if","locations":[{"start":{"line":553,"column":4},"end":{"line":583,"column":5}},{"start":{},"end":{}}]},"3":{"loc":{"start":{"line":585,"column":4},"end":{"line":637,"column":5}},"type":"if","locations":[{"start":{"line":585,"column":4},"end":{"line":637,"column":5}},{"start":{},"end":{}}]},"4":{"loc":{"start":{"line":647,"column":11},"end":{"line":647,"column":28}},"type":"binary-expr","locations":[{"start":{"line":647,"column":11},"end":{"line":647,"column":22}},{"start":{"line":647,"column":26},"end":{"line":647,"column":28}}]},"5":{"loc":{"start":{"line":651,"column":29},"end":{"line":651,"column":72}},"type":"binary-expr","locations":[{"start":{"line":651,"column":29},"end":{"line":651,"column":66}},{"start":{"line":651,"column":70},"end":{"line":651,"column":72}}]},"6":{"loc":{"start":{"line":652,"column":11},"end":{"line":652,"column":58}},"type":"cond-expr","locations":[{"start":{"line":652,"column":21},"end":{"line":652,"column":54}},{"start":{"line":652,"column":57},"end":{"line":652,"column":58}}]}},"s":{"0":2,"1":2,"2":2,"3":2,"4":2,"5":2,"6":4,"7":4,"8":4,"9":4,"10":4,"11":4,"12":2,"13":2,"14":2,"15":4,"16":2,"17":2,"18":2,"19":2,"20":2,"21":5,"22":10,"23":2,"24":2,"25":2,"26":2,"27":2,"28":4,"29":4,"30":1,"31":1,"32":1,"33":1,"34":1,"35":1,"36":2,"37":2,"38":2,"39":2,"40":4,"41":4,"42":2,"43":2,"44":2,"45":2,"46":2,"47":2,"48":2,"49":4,"50":4,"51":4,"52":1,"53":2,"54":2,"55":2,"56":2,"57":2,"58":2,"59":2,"60":2},"f":{"0":4,"1":2,"2":2,"3":4,"4":2,"5":2,"6":0,"7":5,"8":10,"9":2,"10":2,"11":4,"12":4,"13":1,"14":1,"15":1,"16":4,"17":4,"18":4,"19":4,"20":1,"21":2,"22":2,"23":2},"b":{"0":[2,0],"1":[2,0],"2":[2,0],"3":[2,0],"4":[2,1],"5":[2,0],"6":[1,1]}}
,"C:\\Users\\athit\\Demo Projects\\3-insightboard-admin\\src\\app\\features\\login\\login.component.ts": {"path":"C:\\Users\\athit\\Demo Projects\\3-insightboard-admin\\src\\app\\features\\login\\login.component.ts","statementMap":{"0":{"start":{"line":1,"column":0},"end":{"line":1,"column":58}},"1":{"start":{"line":2,"column":0},"end":{"line":2,"column":47}},"2":{"start":{"line":3,"column":0},"end":{"line":3,"column":45}},"3":{"start":{"line":4,"column":0},"end":{"line":4,"column":41}},"4":{"start":{"line":5,"column":0},"end":{"line":5,"column":63}},"5":{"start":{"line":154,"column":7},"end":{"line":190,"column":null}},"6":{"start":{"line":155,"column":10},"end":{"line":155,"column":37}},"7":{"start":{"line":156,"column":10},"end":{"line":156,"column":34}},"8":{"start":{"line":158,"column":2},"end":{"line":158,"column":13}},"9":{"start":{"line":159,"column":2},"end":{"line":159,"column":16}},"10":{"start":{"line":160,"column":2},"end":{"line":160,"column":26}},"11":{"start":{"line":161,"column":2},"end":{"line":161,"column":21}},"12":{"start":{"line":164,"column":4},"end":{"line":167,"column":5}},"13":{"start":{"line":165,"column":6},"end":{"line":165,"column":57}},"14":{"start":{"line":166,"column":6},"end":{"line":166,"column":13}},"15":{"start":{"line":169,"column":4},"end":{"line":169,"column":27}},"16":{"start":{"line":170,"column":4},"end":{"line":170,"column":23}},"17":{"start":{"line":171,"column":4},"end":{"line":188,"column":7}},"18":{"start":{"line":173,"column":8},"end":{"line":178,"column":9}},"19":{"start":{"line":174,"column":10},"end":{"line":174,"column":34}},"20":{"start":{"line":175,"column":10},"end":{"line":175,"column":69}},"21":{"start":{"line":176,"column":10},"end":{"line":176,"column":34}},"22":{"start":{"line":177,"column":10},"end":{"line":177,"column":17}},"23":{"start":{"line":179,"column":8},"end":{"line":179,"column":36}},"24":{"start":{"line":182,"column":8},"end":{"line":182,"column":77}},"25":{"start":{"line":183,"column":8},"end":{"line":183,"column":32}},"26":{"start":{"line":186,"column":8},"end":{"line":186,"column":32}},"27":{"start":{"line":154,"column":13},"end":{"line":154,"column":27}},"28":{"start":{"line":154,"column":13},"end":{"line":190,"column":null}}},"fnMap":{"0":{"name":"(anonymous_0)","decl":{"start":{"line":154,"column":7},"end":{"line":154,"column":13}},"loc":{"start":{"line":154,"column":7},"end":{"line":190,"column":1}}},"1":{"name":"(anonymous_1)","decl":{"start":{"line":163,"column":2},"end":{"line":163,"column":7}},"loc":{"start":{"line":163,"column":7},"end":{"line":189,"column":3}}},"2":{"name":"(anonymous_2)","decl":{"start":{"line":172,"column":12},"end":{"line":172,"column":20}},"loc":{"start":{"line":172,"column":23},"end":{"line":180,"column":7}}},"3":{"name":"(anonymous_3)","decl":{"start":{"line":181,"column":13},"end":{"line":181,"column":16}},"loc":{"start":{"line":181,"column":19},"end":{"line":184,"column":7}}},"4":{"name":"(anonymous_4)","decl":{"start":{"line":185,"column":16},"end":{"line":185,"column":19}},"loc":{"start":{"line":185,"column":21},"end":{"line":187,"column":7}}}},"branchMap":{"0":{"loc":{"start":{"line":164,"column":4},"end":{"line":167,"column":5}},"type":"if","locations":[{"start":{"line":164,"column":4},"end":{"line":167,"column":5}},{"start":{},"end":{}}]},"1":{"loc":{"start":{"line":164,"column":8},"end":{"line":164,"column":37}},"type":"binary-expr","locations":[{"start":{"line":164,"column":8},"end":{"line":164,"column":19}},{"start":{"line":164,"column":23},"end":{"line":164,"column":37}}]},"2":{"loc":{"start":{"line":173,"column":8},"end":{"line":178,"column":9}},"type":"if","locations":[{"start":{"line":173,"column":8},"end":{"line":178,"column":9}},{"start":{},"end":{}}]},"3":{"loc":{"start":{"line":182,"column":23},"end":{"line":182,"column":75}},"type":"binary-expr","locations":[{"start":{"line":182,"column":23},"end":{"line":182,"column":41}},{"start":{"line":182,"column":45},"end":{"line":182,"column":75}}]}},"s":{"0":2,"1":2,"2":2,"3":2,"4":2,"5":2,"6":4,"7":4,"8":4,"9":4,"10":4,"11":4,"12":4,"13":1,"14":1,"15":3,"16":3,"17":3,"18":2,"19":1,"20":1,"21":1,"22":1,"23":1,"24":1,"25":1,"26":2,"27":2,"28":2},"f":{"0":4,"1":4,"2":2,"3":1,"4":2},"b":{"0":[1,3],"1":[4,3],"2":[1,1],"3":[1,0]}}
,"C:\\Users\\athit\\Demo Projects\\3-insightboard-admin\\src\\app\\features\\transactions\\transactions.component.ts": {"path":"C:\\Users\\athit\\Demo Projects\\3-insightboard-admin\\src\\app\\features\\transactions\\transactions.component.ts","statementMap":{"0":{"start":{"line":1,"column":0},"end":{"line":1,"column":66}},"1":{"start":{"line":2,"column":0},"end":{"line":2,"column":47}},"2":{"start":{"line":3,"column":0},"end":{"line":3,"column":45}},"3":{"start":{"line":4,"column":0},"end":{"line":4,"column":62}},"4":{"start":{"line":5,"column":0},"end":{"line":5,"column":64}},"5":{"start":{"line":143,"column":7},"end":{"line":187,"column":null}},"6":{"start":{"line":144,"column":10},"end":{"line":144,"column":36}},"7":{"start":{"line":146,"column":2},"end":{"line":146,"column":35}},"8":{"start":{"line":147,"column":2},"end":{"line":147,"column":20}},"9":{"start":{"line":149,"column":2},"end":{"line":154,"column":4}},"10":{"start":{"line":156,"column":15},"end":{"line":156,"column":39}},"11":{"start":{"line":159,"column":17},"end":{"line":159,"column":53}},"12":{"start":{"line":160,"column":4},"end":{"line":160,"column":76}},"13":{"start":{"line":160,"column":27},"end":{"line":160,"column":76}},"14":{"start":{"line":162,"column":4},"end":{"line":183,"column":7}},"15":{"start":{"line":164,"column":21},"end":{"line":164,"column":43}},"16":{"start":{"line":165,"column":8},"end":{"line":165,"column":36}},"17":{"start":{"line":166,"column":8},"end":{"line":166,"column":70}},"18":{"start":{"line":167,"column":8},"end":{"line":167,"column":100}},"19":{"start":{"line":167,"column":68},"end":{"line":167,"column":90}},"20":{"start":{"line":168,"column":8},"end":{"line":168,"column":99}},"21":{"start":{"line":168,"column":68},"end":{"line":168,"column":89}},"22":{"start":{"line":169,"column":20},"end":{"line":169,"column":114}},"23":{"start":{"line":169,"column":44},"end":{"line":169,"column":66}},"24":{"start":{"line":169,"column":98},"end":{"line":169,"column":110}},"25":{"start":{"line":170,"column":8},"end":{"line":170,"column":101}},"26":{"start":{"line":173,"column":8},"end":{"line":177,"column":11}},"27":{"start":{"line":178,"column":8},"end":{"line":178,"column":41}},"28":{"start":{"line":179,"column":8},"end":{"line":179,"column":41}},"29":{"start":{"line":180,"column":8},"end":{"line":180,"column":41}},"30":{"start":{"line":181,"column":8},"end":{"line":181,"column":46}},"31":{"start":{"line":186,"column":24},"end":{"line":186,"column":142}},"32":{"start":{"line":143,"column":13},"end":{"line":143,"column":34}},"33":{"start":{"line":143,"column":13},"end":{"line":187,"column":null}}},"fnMap":{"0":{"name":"(anonymous_0)","decl":{"start":{"line":143,"column":7},"end":{"line":143,"column":13}},"loc":{"start":{"line":143,"column":7},"end":{"line":187,"column":1}}},"1":{"name":"(anonymous_1)","decl":{"start":{"line":156,"column":2},"end":{"line":156,"column":10}},"loc":{"start":{"line":156,"column":10},"end":{"line":156,"column":41}}},"2":{"name":"(anonymous_2)","decl":{"start":{"line":158,"column":2},"end":{"line":158,"column":18}},"loc":{"start":{"line":158,"column":18},"end":{"line":184,"column":3}}},"3":{"name":"(anonymous_3)","decl":{"start":{"line":163,"column":12},"end":{"line":163,"column":15}},"loc":{"start":{"line":163,"column":18},"end":{"line":171,"column":7}}},"4":{"name":"(anonymous_4)","decl":{"start":{"line":167,"column":56},"end":{"line":167,"column":57}},"loc":{"start":{"line":167,"column":68},"end":{"line":167,"column":90}}},"5":{"name":"(anonymous_5)","decl":{"start":{"line":168,"column":56},"end":{"line":168,"column":57}},"loc":{"start":{"line":168,"column":68},"end":{"line":168,"column":89}}},"6":{"name":"(anonymous_6)","decl":{"start":{"line":169,"column":32},"end":{"line":169,"column":33}},"loc":{"start":{"line":169,"column":44},"end":{"line":169,"column":66}}},"7":{"name":"(anonymous_7)","decl":{"start":{"line":169,"column":75},"end":{"line":169,"column":76}},"loc":{"start":{"line":169,"column":98},"end":{"line":169,"column":110}}},"8":{"name":"(anonymous_8)","decl":{"start":{"line":172,"column":13},"end":{"line":172,"column":16}},"loc":{"start":{"line":172,"column":18},"end":{"line":182,"column":7}}},"9":{"name":"(anonymous_9)","decl":{"start":{"line":186,"column":2},"end":{"line":186,"column":10}},"loc":{"start":{"line":186,"column":20},"end":{"line":186,"column":144}}}},"branchMap":{"0":{"loc":{"start":{"line":160,"column":4},"end":{"line":160,"column":76}},"type":"if","locations":[{"start":{"line":160,"column":4},"end":{"line":160,"column":76}},{"start":{},"end":{}}]},"1":{"loc":{"start":{"line":164,"column":21},"end":{"line":164,"column":43}},"type":"binary-expr","locations":[{"start":{"line":164,"column":21},"end":{"line":164,"column":37}},{"start":{"line":164,"column":41},"end":{"line":164,"column":43}}]},"2":{"loc":{"start":{"line":166,"column":44},"end":{"line":166,"column":68}},"type":"binary-expr","locations":[{"start":{"line":166,"column":44},"end":{"line":166,"column":53}},{"start":{"line":166,"column":57},"end":{"line":166,"column":68}}]},"3":{"loc":{"start":{"line":186,"column":31},"end":{"line":186,"column":141}},"type":"binary-expr","locations":[{"start":{"line":186,"column":31},"end":{"line":186,"column":135}},{"start":{"line":186,"column":139},"end":{"line":186,"column":141}}]}},"s":{"0":2,"1":2,"2":2,"3":2,"4":2,"5":2,"6":5,"7":5,"8":5,"9":5,"10":5,"11":6,"12":6,"13":1,"14":6,"15":5,"16":5,"17":5,"18":5,"19":4,"20":5,"21":4,"22":5,"23":4,"24":2,"25":5,"26":1,"27":1,"28":1,"29":1,"30":1,"31":5,"32":2,"33":2},"f":{"0":5,"1":5,"2":6,"3":5,"4":4,"5":4,"6":4,"7":2,"8":1,"9":5},"b":{"0":[1,5],"1":[5,0],"2":[5,3],"3":[5,1]}}
,"C:\\Users\\athit\\Demo Projects\\3-insightboard-admin\\src\\app\\shared\\components\\header\\header.component.ts": {"path":"C:\\Users\\athit\\Demo Projects\\3-insightboard-admin\\src\\app\\shared\\components\\header\\header.component.ts","statementMap":{"0":{"start":{"line":1,"column":0},"end":{"line":1,"column":68}},"1":{"start":{"line":2,"column":0},"end":{"line":2,"column":47}},"2":{"start":{"line":3,"column":0},"end":{"line":3,"column":66}},"3":{"start":{"line":174,"column":10},"end":{"line":174,"column":37}},"4":{"start":{"line":176,"column":2},"end":{"line":176,"column":25}},"5":{"start":{"line":177,"column":2},"end":{"line":177,"column":21}},"6":{"start":{"line":178,"column":2},"end":{"line":178,"column":71}},"7":{"start":{"line":178,"column":31},"end":{"line":178,"column":69}},"8":{"start":{"line":179,"column":2},"end":{"line":179,"column":86}},"9":{"start":{"line":179,"column":30},"end":{"line":179,"column":83}},"10":{"start":{"line":180,"column":2},"end":{"line":187,"column":4}},"11":{"start":{"line":181,"column":4},"end":{"line":186,"column":20}},"12":{"start":{"line":183,"column":19},"end":{"line":183,"column":26}},"13":{"start":{"line":190,"column":14},"end":{"line":190,"column":35}},"14":{"start":{"line":191,"column":4},"end":{"line":191,"column":78}},"15":{"start":{"line":192,"column":4},"end":{"line":192,"column":128}},"16":{"start":{"line":196,"column":4},"end":{"line":196,"column":23}},"17":{"start":{"line":173,"column":13},"end":{"line":173,"column":28}},"18":{"start":{"line":173,"column":13},"end":{"line":198,"column":null}}},"fnMap":{"0":{"name":"(anonymous_0)","decl":{"start":{"line":189,"column":2},"end":{"line":189,"column":null}},"loc":{"start":{"line":189,"column":2},"end":{"line":193,"column":3}}},"1":{"name":"(anonymous_1)","decl":{"start":{"line":178,"column":25},"end":{"line":178,"column":28}},"loc":{"start":{"line":178,"column":31},"end":{"line":178,"column":69}}},"2":{"name":"(anonymous_2)","decl":{"start":{"line":179,"column":23},"end":{"line":179,"column":26}},"loc":{"start":{"line":179,"column":30},"end":{"line":179,"column":83}}},"3":{"name":"(anonymous_3)","decl":{"start":{"line":180,"column":22},"end":{"line":180,"column":25}},"loc":{"start":{"line":181,"column":4},"end":{"line":186,"column":20}}},"4":{"name":"(anonymous_4)","decl":{"start":{"line":183,"column":11},"end":{"line":183,"column":15}},"loc":{"start":{"line":183,"column":19},"end":{"line":183,"column":26}}},"5":{"name":"(anonymous_5)","decl":{"start":{"line":195,"column":2},"end":{"line":195,"column":8}},"loc":{"start":{"line":195,"column":8},"end":{"line":197,"column":3}}}},"branchMap":{"0":{"loc":{"start":{"line":178,"column":31},"end":{"line":178,"column":69}},"type":"binary-expr","locations":[{"start":{"line":178,"column":31},"end":{"line":178,"column":58}},{"start":{"line":178,"column":62},"end":{"line":178,"column":69}}]},"1":{"loc":{"start":{"line":179,"column":30},"end":{"line":179,"column":83}},"type":"cond-expr","locations":[{"start":{"line":179,"column":59},"end":{"line":179,"column":74}},{"start":{"line":179,"column":77},"end":{"line":179,"column":83}}]},"2":{"loc":{"start":{"line":181,"column":5},"end":{"line":181,"column":43}},"type":"binary-expr","locations":[{"start":{"line":181,"column":5},"end":{"line":181,"column":32}},{"start":{"line":181,"column":36},"end":{"line":181,"column":43}}]},"3":{"loc":{"start":{"line":191,"column":23},"end":{"line":191,"column":76}},"type":"cond-expr","locations":[{"start":{"line":191,"column":32},"end":{"line":191,"column":41}},{"start":{"line":191,"column":44},"end":{"line":191,"column":76}}]},"4":{"loc":{"start":{"line":191,"column":44},"end":{"line":191,"column":76}},"type":"cond-expr","locations":[{"start":{"line":191,"column":53},"end":{"line":191,"column":64}},{"start":{"line":191,"column":67},"end":{"line":191,"column":76}}]}},"s":{"0":2,"1":2,"2":2,"3":3,"4":3,"5":3,"6":3,"7":2,"8":3,"9":2,"10":3,"11":2,"12":3,"13":3,"14":3,"15":3,"16":1,"17":2,"18":2},"f":{"0":3,"1":2,"2":2,"3":2,"4":3,"5":1},"b":{"0":[2,1],"1":[1,1],"2":[2,1],"3":[0,3],"4":[0,3]}}
,"C:\\Users\\athit\\Demo Projects\\3-insightboard-admin\\src\\app\\shared\\components\\sidebar\\sidebar.component.ts": {"path":"C:\\Users\\athit\\Demo Projects\\3-insightboard-admin\\src\\app\\shared\\components\\sidebar\\sidebar.component.ts","statementMap":{"0":{"start":{"line":1,"column":0},"end":{"line":1,"column":47}},"1":{"start":{"line":2,"column":0},"end":{"line":2,"column":50}},"2":{"start":{"line":3,"column":0},"end":{"line":3,"column":63}},"3":{"start":{"line":4,"column":0},"end":{"line":4,"column":67}},"4":{"start":{"line":240,"column":7},"end":{"line":257,"column":null}},"5":{"start":{"line":241,"column":2},"end":{"line":241,"column":28}},"6":{"start":{"line":243,"column":2},"end":{"line":247,"column":4}},"7":{"start":{"line":249,"column":2},"end":{"line":252,"column":4}},"8":{"start":{"line":255,"column":4},"end":{"line":255,"column":43}},"9":{"start":{"line":255,"column":35},"end":{"line":255,"column":41}},"10":{"start":{"line":240,"column":13},"end":{"line":240,"column":29}},"11":{"start":{"line":240,"column":13},"end":{"line":257,"column":null}}},"fnMap":{"0":{"name":"(anonymous_0)","decl":{"start":{"line":240,"column":7},"end":{"line":240,"column":13}},"loc":{"start":{"line":240,"column":7},"end":{"line":257,"column":1}}},"1":{"name":"(anonymous_1)","decl":{"start":{"line":254,"column":2},"end":{"line":254,"column":17}},"loc":{"start":{"line":254,"column":17},"end":{"line":256,"column":3}}},"2":{"name":"(anonymous_2)","decl":{"start":{"line":255,"column":26},"end":{"line":255,"column":31}},"loc":{"start":{"line":255,"column":35},"end":{"line":255,"column":41}}}},"branchMap":{},"s":{"0":2,"1":2,"2":2,"3":2,"4":2,"5":2,"6":2,"7":2,"8":2,"9":2,"10":2,"11":2},"f":{"0":2,"1":2,"2":2},"b":{}}
}
