{"C:\\Users\\athit\\Demo Projects\\3-insightboard-admin\\src\\app\\app.component.ts": {"path":"C:\\Users\\athit\\Demo Projects\\3-insightboard-admin\\src\\app\\app.component.ts","statementMap":{"0":{"start":{"line":1,"column":0},"end":{"line":1,"column":47}},"1":{"start":{"line":2,"column":0},"end":{"line":2,"column":68}},"2":{"start":{"line":3,"column":0},"end":{"line":3,"column":70}},"3":{"start":{"line":4,"column":0},"end":{"line":4,"column":30}},"4":{"start":{"line":5,"column":0},"end":{"line":5,"column":59}},"5":{"start":{"line":6,"column":0},"end":{"line":6,"column":78}},"6":{"start":{"line":7,"column":0},"end":{"line":7,"column":81}},"7":{"start":{"line":90,"column":10},"end":{"line":90,"column":34}},"8":{"start":{"line":91,"column":10},"end":{"line":91,"column":37}},"9":{"start":{"line":92,"column":10},"end":{"line":92,"column":47}},"10":{"start":{"line":94,"column":2},"end":{"line":94,"column":30}},"11":{"start":{"line":95,"column":2},"end":{"line":95,"column":97}},"12":{"start":{"line":95,"column":34},"end":{"line":95,"column":95}},"13":{"start":{"line":98,"column":4},"end":{"line":103,"column":9}},"14":{"start":{"line":99,"column":28},"end":{"line":99,"column":58}},"15":{"start":{"line":101,"column":8},"end":{"line":101,"column":45}},"16":{"start":{"line":102,"column":8},"end":{"line":102,"column":28}},"17":{"start":{"line":105,"column":4},"end":{"line":107,"column":7}},"18":{"start":{"line":106,"column":19},"end":{"line":106,"column":42}},"19":{"start":{"line":111,"column":4},"end":{"line":111,"column":45}},"20":{"start":{"line":111,"column":37},"end":{"line":111,"column":43}},"21":{"start":{"line":115,"column":4},"end":{"line":115,"column":32}},"22":{"start":{"line":89,"column":13},"end":{"line":89,"column":25}},"23":{"start":{"line":89,"column":13},"end":{"line":117,"column":null}}},"fnMap":{"0":{"name":"(anonymous_0)","decl":{"start":{"line":97,"column":2},"end":{"line":97,"column":null}},"loc":{"start":{"line":97,"column":2},"end":{"line":108,"column":3}}},"1":{"name":"(anonymous_1)","decl":{"start":{"line":95,"column":28},"end":{"line":95,"column":31}},"loc":{"start":{"line":95,"column":34},"end":{"line":95,"column":95}}},"2":{"name":"(anonymous_2)","decl":{"start":{"line":99,"column":19},"end":{"line":99,"column":24}},"loc":{"start":{"line":99,"column":28},"end":{"line":99,"column":58}}},"3":{"name":"(anonymous_3)","decl":{"start":{"line":100,"column":17},"end":{"line":100,"column":20}},"loc":{"start":{"line":100,"column":22},"end":{"line":103,"column":7}}},"4":{"name":"(anonymous_4)","decl":{"start":{"line":106,"column":13},"end":{"line":106,"column":16}},"loc":{"start":{"line":106,"column":19},"end":{"line":106,"column":42}}},"5":{"name":"(anonymous_5)","decl":{"start":{"line":110,"column":2},"end":{"line":110,"column":15}},"loc":{"start":{"line":110,"column":15},"end":{"line":112,"column":3}}},"6":{"name":"(anonymous_6)","decl":{"start":{"line":111,"column":28},"end":{"line":111,"column":33}},"loc":{"start":{"line":111,"column":37},"end":{"line":111,"column":43}}},"7":{"name":"(anonymous_7)","decl":{"start":{"line":114,"column":2},"end":{"line":114,"column":14}},"loc":{"start":{"line":114,"column":14},"end":{"line":116,"column":3}}}},"branchMap":{"0":{"loc":{"start":{"line":95,"column":34},"end":{"line":95,"column":95}},"type":"binary-expr","locations":[{"start":{"line":95,"column":34},"end":{"line":95,"column":64}},{"start":{"line":95,"column":68},"end":{"line":95,"column":95}}]}},"s":{"0":1,"1":1,"2":1,"3":1,"4":1,"5":1,"6":1,"7":4,"8":4,"9":4,"10":4,"11":4,"12":2,"13":4,"14":1,"15":1,"16":1,"17":4,"18":1,"19":1,"20":1,"21":2,"22":1,"23":1},"f":{"0":4,"1":2,"2":1,"3":1,"4":1,"5":1,"6":1,"7":2},"b":{"0":[2,1]}}
,"C:\\Users\\athit\\Demo Projects\\3-insightboard-admin\\src\\app\\app.config.ts": {"path":"C:\\Users\\athit\\Demo Projects\\3-insightboard-admin\\src\\app\\app.config.ts","statementMap":{"0":{"start":{"line":1,"column":0},"end":{"line":1,"column":78}},"1":{"start":{"line":2,"column":0},"end":{"line":2,"column":96}},"2":{"start":{"line":3,"column":0},"end":{"line":3,"column":75}},"3":{"start":{"line":4,"column":0},"end":{"line":4,"column":73}},"4":{"start":{"line":5,"column":0},"end":{"line":5,"column":38}},"5":{"start":{"line":6,"column":0},"end":{"line":6,"column":71}},"6":{"start":{"line":8,"column":13},"end":{"line":15,"column":2}}},"fnMap":{},"branchMap":{},"s":{"0":1,"1":1,"2":1,"3":1,"4":1,"5":1,"6":1},"f":{},"b":{}}
,"C:\\Users\\athit\\Demo Projects\\3-insightboard-admin\\src\\app\\app.routes.ts": {"path":"C:\\Users\\athit\\Demo Projects\\3-insightboard-admin\\src\\app\\app.routes.ts","statementMap":{"0":{"start":{"line":2,"column":0},"end":{"line":2,"column":64}},"1":{"start":{"line":4,"column":13},"end":{"line":33,"column":2}},"2":{"start":{"line":8,"column":6},"end":{"line":8,"column":76}},"3":{"start":{"line":8,"column":6},"end":{"line":8,"column":49}},"4":{"start":{"line":8,"column":59},"end":{"line":8,"column":75}},"5":{"start":{"line":14,"column":6},"end":{"line":14,"column":88}},"6":{"start":{"line":14,"column":6},"end":{"line":14,"column":57}},"7":{"start":{"line":14,"column":67},"end":{"line":14,"column":87}},"8":{"start":{"line":21,"column":6},"end":{"line":21,"column":102}},"9":{"start":{"line":21,"column":6},"end":{"line":21,"column":67}},"10":{"start":{"line":21,"column":77},"end":{"line":21,"column":101}},"11":{"start":{"line":28,"column":6},"end":{"line":28,"column":97}},"12":{"start":{"line":28,"column":6},"end":{"line":28,"column":63}},"13":{"start":{"line":28,"column":73},"end":{"line":28,"column":96}}},"fnMap":{"0":{"name":"(anonymous_0)","decl":{"start":{"line":7,"column":19},"end":{"line":7,"column":22}},"loc":{"start":{"line":8,"column":6},"end":{"line":8,"column":76}}},"1":{"name":"(anonymous_1)","decl":{"start":{"line":8,"column":6},"end":{"line":8,"column":13}},"loc":{"start":{"line":8,"column":6},"end":{"line":8,"column":49}}},"2":{"name":"(anonymous_2)","decl":{"start":{"line":8,"column":54},"end":{"line":8,"column":55}},"loc":{"start":{"line":8,"column":59},"end":{"line":8,"column":75}}},"3":{"name":"(anonymous_3)","decl":{"start":{"line":13,"column":19},"end":{"line":13,"column":22}},"loc":{"start":{"line":14,"column":6},"end":{"line":14,"column":88}}},"4":{"name":"(anonymous_4)","decl":{"start":{"line":14,"column":6},"end":{"line":14,"column":13}},"loc":{"start":{"line":14,"column":6},"end":{"line":14,"column":57}}},"5":{"name":"(anonymous_5)","decl":{"start":{"line":14,"column":62},"end":{"line":14,"column":63}},"loc":{"start":{"line":14,"column":67},"end":{"line":14,"column":87}}},"6":{"name":"(anonymous_6)","decl":{"start":{"line":20,"column":19},"end":{"line":20,"column":22}},"loc":{"start":{"line":21,"column":6},"end":{"line":21,"column":102}}},"7":{"name":"(anonymous_7)","decl":{"start":{"line":21,"column":6},"end":{"line":21,"column":13}},"loc":{"start":{"line":21,"column":6},"end":{"line":21,"column":67}}},"8":{"name":"(anonymous_8)","decl":{"start":{"line":21,"column":72},"end":{"line":21,"column":73}},"loc":{"start":{"line":21,"column":77},"end":{"line":21,"column":101}}},"9":{"name":"(anonymous_9)","decl":{"start":{"line":27,"column":19},"end":{"line":27,"column":22}},"loc":{"start":{"line":28,"column":6},"end":{"line":28,"column":97}}},"10":{"name":"(anonymous_10)","decl":{"start":{"line":28,"column":6},"end":{"line":28,"column":13}},"loc":{"start":{"line":28,"column":6},"end":{"line":28,"column":63}}},"11":{"name":"(anonymous_11)","decl":{"start":{"line":28,"column":68},"end":{"line":28,"column":69}},"loc":{"start":{"line":28,"column":73},"end":{"line":28,"column":96}}}},"branchMap":{},"s":{"0":2,"1":2,"2":1,"3":1,"4":1,"5":1,"6":1,"7":1,"8":1,"9":1,"10":1,"11":1,"12":1,"13":1},"f":{"0":1,"1":1,"2":1,"3":1,"4":1,"5":1,"6":1,"7":1,"8":1,"9":1,"10":1,"11":1},"b":{}}
,"C:\\Users\\athit\\Demo Projects\\3-insightboard-admin\\src\\app\\core\\guards\\admin-auth.guard.ts": {"path":"C:\\Users\\athit\\Demo Projects\\3-insightboard-admin\\src\\app\\core\\guards\\admin-auth.guard.ts","statementMap":{"0":{"start":{"line":1,"column":0},"end":{"line":1,"column":39}},"1":{"start":{"line":2,"column":0},"end":{"line":2,"column":56}},"2":{"start":{"line":3,"column":0},"end":{"line":3,"column":55}},"3":{"start":{"line":5,"column":45},"end":{"line":14,"column":1}},"4":{"start":{"line":6,"column":15},"end":{"line":6,"column":34}},"5":{"start":{"line":7,"column":17},"end":{"line":7,"column":31}},"6":{"start":{"line":9,"column":2},"end":{"line":11,"column":3}},"7":{"start":{"line":10,"column":4},"end":{"line":10,"column":16}},"8":{"start":{"line":13,"column":2},"end":{"line":13,"column":42}},"9":{"start":{"line":5,"column":13},"end":{"line":5,"column":45}}},"fnMap":{"0":{"name":"(anonymous_0)","decl":{"start":{"line":5,"column":45},"end":{"line":5,"column":48}},"loc":{"start":{"line":5,"column":50},"end":{"line":14,"column":1}}}},"branchMap":{"0":{"loc":{"start":{"line":9,"column":2},"end":{"line":11,"column":3}},"type":"if","locations":[{"start":{"line":9,"column":2},"end":{"line":11,"column":3}}]},"1":{"loc":{"start":{"line":9,"column":6},"end":{"line":9,"column":46}},"type":"binary-expr","locations":[{"start":{"line":9,"column":6},"end":{"line":9,"column":28}},{"start":{"line":9,"column":32},"end":{"line":9,"column":46}}]}},"s":{"0":3,"1":3,"2":3,"3":3,"4":2,"5":2,"6":2,"7":1,"8":1,"9":3},"f":{"0":2},"b":{"0":[1],"1":[2,1]}}
,"C:\\Users\\athit\\Demo Projects\\3-insightboard-admin\\src\\app\\core\\interceptors\\auth.interceptor.ts": {"path":"C:\\Users\\athit\\Demo Projects\\3-insightboard-admin\\src\\app\\core\\interceptors\\auth.interceptor.ts","statementMap":{"0":{"start":{"line":1,"column":0},"end":{"line":1,"column":76}},"1":{"start":{"line":2,"column":0},"end":{"line":2,"column":39}},"2":{"start":{"line":3,"column":0},"end":{"line":3,"column":41}},"3":{"start":{"line":4,"column":0},"end":{"line":4,"column":46}},"4":{"start":{"line":5,"column":0},"end":{"line":5,"column":55}},"5":{"start":{"line":7,"column":50},"end":{"line":24,"column":1}},"6":{"start":{"line":8,"column":15},"end":{"line":8,"column":34}},"7":{"start":{"line":9,"column":17},"end":{"line":9,"column":31}},"8":{"start":{"line":10,"column":16},"end":{"line":10,"column":34}},"9":{"start":{"line":11,"column":18},"end":{"line":13,"column":9}},"10":{"start":{"line":15,"column":2},"end":{"line":23,"column":4}},"11":{"start":{"line":17,"column":6},"end":{"line":20,"column":7}},"12":{"start":{"line":18,"column":8},"end":{"line":18,"column":27}},"13":{"start":{"line":19,"column":8},"end":{"line":19,"column":36}},"14":{"start":{"line":21,"column":6},"end":{"line":21,"column":37}},"15":{"start":{"line":21,"column":30},"end":{"line":21,"column":35}},"16":{"start":{"line":7,"column":13},"end":{"line":7,"column":50}}},"fnMap":{"0":{"name":"(anonymous_0)","decl":{"start":{"line":7,"column":50},"end":{"line":7,"column":51}},"loc":{"start":{"line":7,"column":64},"end":{"line":24,"column":1}}},"1":{"name":"(anonymous_1)","decl":{"start":{"line":16,"column":15},"end":{"line":16,"column":16}},"loc":{"start":{"line":16,"column":34},"end":{"line":22,"column":5}}},"2":{"name":"(anonymous_2)","decl":{"start":{"line":21,"column":24},"end":{"line":21,"column":27}},"loc":{"start":{"line":21,"column":30},"end":{"line":21,"column":35}}}},"branchMap":{"0":{"loc":{"start":{"line":11,"column":18},"end":{"line":13,"column":9}},"type":"cond-expr","locations":[{"start":{"line":12,"column":6},"end":{"line":12,"column":69}},{"start":{"line":13,"column":6},"end":{"line":13,"column":9}}]},"1":{"loc":{"start":{"line":17,"column":6},"end":{"line":20,"column":7}},"type":"if","locations":[{"start":{"line":17,"column":6},"end":{"line":20,"column":7}}]},"2":{"loc":{"start":{"line":17,"column":10},"end":{"line":17,"column":104}},"type":"binary-expr","locations":[{"start":{"line":17,"column":10},"end":{"line":17,"column":44}},{"start":{"line":17,"column":48},"end":{"line":17,"column":68}},{"start":{"line":17,"column":72},"end":{"line":17,"column":104}}]}},"s":{"0":2,"1":2,"2":2,"3":2,"4":2,"5":2,"6":3,"7":3,"8":3,"9":3,"10":3,"11":2,"12":1,"13":1,"14":2,"15":2,"16":2},"f":{"0":3,"1":2,"2":2},"b":{"0":[2,1],"1":[1],"2":[2,2,2]}}
,"C:\\Users\\athit\\Demo Projects\\3-insightboard-admin\\src\\app\\core\\services\\analytics.service.ts": {"path":"C:\\Users\\athit\\Demo Projects\\3-insightboard-admin\\src\\app\\core\\services\\analytics.service.ts","statementMap":{"0":{"start":{"line":1,"column":0},"end":{"line":1,"column":51}},"1":{"start":{"line":2,"column":0},"end":{"line":2,"column":62}},"2":{"start":{"line":4,"column":0},"end":{"line":4,"column":64}},"3":{"start":{"line":32,"column":7},"end":{"line":51,"column":null}},"4":{"start":{"line":33,"column":10},"end":{"line":33,"column":36}},"5":{"start":{"line":34,"column":10},"end":{"line":34,"column":51}},"6":{"start":{"line":37,"column":4},"end":{"line":39,"column":7}},"7":{"start":{"line":43,"column":4},"end":{"line":45,"column":7}},"8":{"start":{"line":49,"column":4},"end":{"line":49,"column":55}},"9":{"start":{"line":32,"column":13},"end":{"line":32,"column":29}},"10":{"start":{"line":32,"column":13},"end":{"line":51,"column":null}}},"fnMap":{"0":{"name":"(anonymous_0)","decl":{"start":{"line":32,"column":7},"end":{"line":32,"column":13}},"loc":{"start":{"line":32,"column":7},"end":{"line":51,"column":1}}},"1":{"name":"(anonymous_1)","decl":{"start":{"line":36,"column":2},"end":{"line":36,"column":14}},"loc":{"start":{"line":36,"column":24},"end":{"line":40,"column":3}}},"2":{"name":"(anonymous_2)","decl":{"start":{"line":42,"column":2},"end":{"line":42,"column":19}},"loc":{"start":{"line":42,"column":30},"end":{"line":46,"column":3}}},"3":{"name":"(anonymous_3)","decl":{"start":{"line":48,"column":2},"end":{"line":48,"column":17}},"loc":{"start":{"line":48,"column":17},"end":{"line":50,"column":3}}}},"branchMap":{"0":{"loc":{"start":{"line":36,"column":15},"end":{"line":36,"column":24}},"type":"default-arg","locations":[{"start":{"line":36,"column":22},"end":{"line":36,"column":24}}]},"1":{"loc":{"start":{"line":42,"column":20},"end":{"line":42,"column":30}},"type":"default-arg","locations":[{"start":{"line":42,"column":28},"end":{"line":42,"column":30}}]}},"s":{"0":3,"1":3,"2":3,"3":3,"4":5,"5":5,"6":2,"7":2,"8":1,"9":3,"10":3},"f":{"0":5,"1":2,"2":2,"3":1},"b":{"0":[1],"1":[1]}}
,"C:\\Users\\athit\\Demo Projects\\3-insightboard-admin\\src\\app\\core\\services\\auth.service.ts": {"path":"C:\\Users\\athit\\Demo Projects\\3-insightboard-admin\\src\\app\\core\\services\\auth.service.ts","statementMap":{"0":{"start":{"line":1,"column":0},"end":{"line":1,"column":69}},"1":{"start":{"line":2,"column":0},"end":{"line":2,"column":50}},"2":{"start":{"line":3,"column":0},"end":{"line":3,"column":41}},"3":{"start":{"line":4,"column":0},"end":{"line":4,"column":39}},"4":{"start":{"line":5,"column":0},"end":{"line":5,"column":64}},"5":{"start":{"line":22,"column":25},"end":{"line":22,"column":52}},"6":{"start":{"line":23,"column":26},"end":{"line":23,"column":54}},"7":{"start":{"line":24,"column":22},"end":{"line":24,"column":46}},"8":{"start":{"line":27,"column":7},"end":{"line":92,"column":null}},"9":{"start":{"line":28,"column":10},"end":{"line":28,"column":36}},"10":{"start":{"line":29,"column":10},"end":{"line":29,"column":34}},"11":{"start":{"line":31,"column":10},"end":{"line":31,"column":91}},"12":{"start":{"line":32,"column":10},"end":{"line":32,"column":93}},"13":{"start":{"line":33,"column":10},"end":{"line":33,"column":69}},"14":{"start":{"line":35,"column":11},"end":{"line":35,"column":65}},"15":{"start":{"line":35,"column":40},"end":{"line":35,"column":63}},"16":{"start":{"line":36,"column":11},"end":{"line":36,"column":67}},"17":{"start":{"line":36,"column":41},"end":{"line":36,"column":65}},"18":{"start":{"line":37,"column":11},"end":{"line":37,"column":51}},"19":{"start":{"line":37,"column":33},"end":{"line":37,"column":49}},"20":{"start":{"line":38,"column":11},"end":{"line":38,"column":93}},"21":{"start":{"line":38,"column":44},"end":{"line":38,"column":91}},"22":{"start":{"line":39,"column":11},"end":{"line":39,"column":73}},"23":{"start":{"line":39,"column":36},"end":{"line":39,"column":71}},"24":{"start":{"line":42,"column":4},"end":{"line":44,"column":6}},"25":{"start":{"line":43,"column":22},"end":{"line":43,"column":46}},"26":{"start":{"line":48,"column":4},"end":{"line":48,"column":46}},"27":{"start":{"line":49,"column":4},"end":{"line":49,"column":47}},"28":{"start":{"line":50,"column":4},"end":{"line":50,"column":43}},"29":{"start":{"line":51,"column":4},"end":{"line":51,"column":36}},"30":{"start":{"line":52,"column":4},"end":{"line":52,"column":37}},"31":{"start":{"line":53,"column":4},"end":{"line":53,"column":29}},"32":{"start":{"line":54,"column":4},"end":{"line":56,"column":5}},"33":{"start":{"line":55,"column":6},"end":{"line":55,"column":39}},"34":{"start":{"line":60,"column":4},"end":{"line":62,"column":5}},"35":{"start":{"line":61,"column":6},"end":{"line":61,"column":18}},"36":{"start":{"line":63,"column":4},"end":{"line":68,"column":6}},"37":{"start":{"line":65,"column":8},"end":{"line":65,"column":33}},"38":{"start":{"line":66,"column":8},"end":{"line":66,"column":66}},"39":{"start":{"line":72,"column":4},"end":{"line":72,"column":53}},"40":{"start":{"line":73,"column":4},"end":{"line":73,"column":55}},"41":{"start":{"line":74,"column":4},"end":{"line":74,"column":38}},"42":{"start":{"line":75,"column":4},"end":{"line":75,"column":66}},"43":{"start":{"line":76,"column":4},"end":{"line":76,"column":68}},"44":{"start":{"line":77,"column":4},"end":{"line":77,"column":71}},"45":{"start":{"line":81,"column":16},"end":{"line":81,"column":51}},"46":{"start":{"line":82,"column":4},"end":{"line":84,"column":5}},"47":{"start":{"line":83,"column":6},"end":{"line":83,"column":18}},"48":{"start":{"line":85,"column":4},"end":{"line":90,"column":5}},"49":{"start":{"line":86,"column":6},"end":{"line":86,"column":41}},"50":{"start":{"line":88,"column":6},"end":{"line":88,"column":45}},"51":{"start":{"line":89,"column":6},"end":{"line":89,"column":18}},"52":{"start":{"line":27,"column":13},"end":{"line":27,"column":24}},"53":{"start":{"line":27,"column":13},"end":{"line":92,"column":null}}},"fnMap":{"0":{"name":"(anonymous_0)","decl":{"start":{"line":27,"column":7},"end":{"line":27,"column":13}},"loc":{"start":{"line":27,"column":7},"end":{"line":92,"column":1}}},"1":{"name":"(anonymous_1)","decl":{"start":{"line":35,"column":34},"end":{"line":35,"column":37}},"loc":{"start":{"line":35,"column":40},"end":{"line":35,"column":63}}},"2":{"name":"(anonymous_2)","decl":{"start":{"line":36,"column":35},"end":{"line":36,"column":38}},"loc":{"start":{"line":36,"column":41},"end":{"line":36,"column":65}}},"3":{"name":"(anonymous_3)","decl":{"start":{"line":37,"column":27},"end":{"line":37,"column":30}},"loc":{"start":{"line":37,"column":33},"end":{"line":37,"column":49}}},"4":{"name":"(anonymous_4)","decl":{"start":{"line":38,"column":38},"end":{"line":38,"column":41}},"loc":{"start":{"line":38,"column":44},"end":{"line":38,"column":91}}},"5":{"name":"(anonymous_5)","decl":{"start":{"line":39,"column":30},"end":{"line":39,"column":33}},"loc":{"start":{"line":39,"column":36},"end":{"line":39,"column":71}}},"6":{"name":"(anonymous_6)","decl":{"start":{"line":41,"column":2},"end":{"line":41,"column":7}},"loc":{"start":{"line":41,"column":39},"end":{"line":45,"column":3}}},"7":{"name":"(anonymous_7)","decl":{"start":{"line":43,"column":10},"end":{"line":43,"column":18}},"loc":{"start":{"line":43,"column":22},"end":{"line":43,"column":46}}},"8":{"name":"(anonymous_8)","decl":{"start":{"line":47,"column":2},"end":{"line":47,"column":8}},"loc":{"start":{"line":47,"column":24},"end":{"line":57,"column":3}}},"9":{"name":"(anonymous_9)","decl":{"start":{"line":59,"column":2},"end":{"line":59,"column":16}},"loc":{"start":{"line":59,"column":16},"end":{"line":69,"column":3}}},"10":{"name":"(anonymous_10)","decl":{"start":{"line":64,"column":10},"end":{"line":64,"column":14}},"loc":{"start":{"line":64,"column":17},"end":{"line":67,"column":7}}},"11":{"name":"(anonymous_11)","decl":{"start":{"line":71,"column":10},"end":{"line":71,"column":19}},"loc":{"start":{"line":71,"column":42},"end":{"line":78,"column":3}}},"12":{"name":"(anonymous_12)","decl":{"start":{"line":80,"column":10},"end":{"line":80,"column":24}},"loc":{"start":{"line":80,"column":24},"end":{"line":91,"column":3}}}},"branchMap":{"0":{"loc":{"start":{"line":38,"column":44},"end":{"line":38,"column":91}},"type":"binary-expr","locations":[{"start":{"line":38,"column":44},"end":{"line":38,"column":69}},{"start":{"line":38,"column":73},"end":{"line":38,"column":91}}]},"1":{"loc":{"start":{"line":47,"column":9},"end":{"line":47,"column":24}},"type":"default-arg","locations":[{"start":{"line":47,"column":20},"end":{"line":47,"column":24}}]},"2":{"loc":{"start":{"line":54,"column":4},"end":{"line":56,"column":5}},"type":"if","locations":[{"start":{"line":54,"column":4},"end":{"line":56,"column":5}}]},"3":{"loc":{"start":{"line":60,"column":4},"end":{"line":62,"column":5}},"type":"if","locations":[{"start":{"line":60,"column":4},"end":{"line":62,"column":5}}]},"4":{"loc":{"start":{"line":82,"column":4},"end":{"line":84,"column":5}},"type":"if","locations":[{"start":{"line":82,"column":4},"end":{"line":84,"column":5}}]}},"s":{"0":8,"1":8,"2":8,"3":8,"4":8,"5":8,"6":8,"7":8,"8":8,"9":7,"10":7,"11":7,"12":7,"13":7,"14":7,"15":2,"16":7,"17":1,"18":7,"19":3,"20":7,"21":1,"22":7,"23":1,"24":2,"25":2,"26":1,"27":1,"28":1,"29":1,"30":1,"31":1,"32":1,"33":1,"34":2,"35":1,"36":1,"37":1,"38":1,"39":2,"40":2,"41":2,"42":2,"43":2,"44":2,"45":7,"46":7,"47":5,"48":2,"49":2,"50":1,"51":1,"52":8,"53":8},"f":{"0":7,"1":2,"2":1,"3":3,"4":1,"5":1,"6":2,"7":2,"8":1,"9":2,"10":1,"11":2,"12":7},"b":{"0":[1,1],"1":[1],"2":[1],"3":[1],"4":[5]}}
,"C:\\Users\\athit\\Demo Projects\\3-insightboard-admin\\src\\app\\features\\bookings-table\\bookings-table.component.ts": {"path":"C:\\Users\\athit\\Demo Projects\\3-insightboard-admin\\src\\app\\features\\bookings-table\\bookings-table.component.ts","statementMap":{"0":{"start":{"line":1,"column":0},"end":{"line":1,"column":47}},"1":{"start":{"line":2,"column":0},"end":{"line":2,"column":62}},"2":{"start":{"line":3,"column":0},"end":{"line":3,"column":66}},"3":{"start":{"line":4,"column":0},"end":{"line":4,"column":45}},"4":{"start":{"line":5,"column":0},"end":{"line":5,"column":64}},"5":{"start":{"line":277,"column":7},"end":{"line":329,"column":null}},"6":{"start":{"line":278,"column":10},"end":{"line":278,"column":36}},"7":{"start":{"line":280,"column":2},"end":{"line":280,"column":34}},"8":{"start":{"line":281,"column":2},"end":{"line":281,"column":39}},"9":{"start":{"line":282,"column":2},"end":{"line":282,"column":28}},"10":{"start":{"line":283,"column":2},"end":{"line":283,"column":19}},"11":{"start":{"line":284,"column":2},"end":{"line":284,"column":20}},"12":{"start":{"line":287,"column":4},"end":{"line":300,"column":7}},"13":{"start":{"line":291,"column":8},"end":{"line":291,"column":49}},"14":{"start":{"line":292,"column":8},"end":{"line":292,"column":34}},"15":{"start":{"line":293,"column":8},"end":{"line":293,"column":22}},"16":{"start":{"line":296,"column":8},"end":{"line":296,"column":33}},"17":{"start":{"line":297,"column":8},"end":{"line":297,"column":33}},"18":{"start":{"line":298,"column":8},"end":{"line":298,"column":22}},"19":{"start":{"line":304,"column":18},"end":{"line":304,"column":36}},"20":{"start":{"line":306,"column":4},"end":{"line":313,"column":5}},"21":{"start":{"line":307,"column":16},"end":{"line":307,"column":46}},"22":{"start":{"line":308,"column":6},"end":{"line":312,"column":8}},"23":{"start":{"line":309,"column":8},"end":{"line":311,"column":41}},"24":{"start":{"line":315,"column":4},"end":{"line":317,"column":5}},"25":{"start":{"line":316,"column":6},"end":{"line":316,"column":68}},"26":{"start":{"line":316,"column":36},"end":{"line":316,"column":66}},"27":{"start":{"line":319,"column":4},"end":{"line":319,"column":39}},"28":{"start":{"line":323,"column":4},"end":{"line":323,"column":132}},"29":{"start":{"line":327,"column":4},"end":{"line":327,"column":123}},"30":{"start":{"line":277,"column":13},"end":{"line":277,"column":35}},"31":{"start":{"line":277,"column":13},"end":{"line":329,"column":null}}},"fnMap":{"0":{"name":"(anonymous_0)","decl":{"start":{"line":277,"column":7},"end":{"line":277,"column":13}},"loc":{"start":{"line":277,"column":7},"end":{"line":329,"column":1}}},"1":{"name":"(anonymous_1)","decl":{"start":{"line":286,"column":2},"end":{"line":286,"column":10}},"loc":{"start":{"line":286,"column":10},"end":{"line":301,"column":3}}},"2":{"name":"(anonymous_2)","decl":{"start":{"line":290,"column":12},"end":{"line":290,"column":15}},"loc":{"start":{"line":290,"column":18},"end":{"line":294,"column":7}}},"3":{"name":"(anonymous_3)","decl":{"start":{"line":295,"column":13},"end":{"line":295,"column":16}},"loc":{"start":{"line":295,"column":18},"end":{"line":299,"column":7}}},"4":{"name":"(anonymous_4)","decl":{"start":{"line":303,"column":2},"end":{"line":303,"column":8}},"loc":{"start":{"line":303,"column":8},"end":{"line":320,"column":3}}},"5":{"name":"(anonymous_5)","decl":{"start":{"line":308,"column":31},"end":{"line":308,"column":32}},"loc":{"start":{"line":309,"column":8},"end":{"line":311,"column":41}}},"6":{"name":"(anonymous_6)","decl":{"start":{"line":316,"column":31},"end":{"line":316,"column":32}},"loc":{"start":{"line":316,"column":36},"end":{"line":316,"column":66}}},"7":{"name":"(anonymous_7)","decl":{"start":{"line":322,"column":2},"end":{"line":322,"column":16}},"loc":{"start":{"line":322,"column":26},"end":{"line":324,"column":3}}},"8":{"name":"(anonymous_8)","decl":{"start":{"line":326,"column":2},"end":{"line":326,"column":17}},"loc":{"start":{"line":326,"column":27},"end":{"line":328,"column":3}}}},"branchMap":{"0":{"loc":{"start":{"line":291,"column":29},"end":{"line":291,"column":47}},"type":"binary-expr","locations":[{"start":{"line":291,"column":29},"end":{"line":291,"column":41}},{"start":{"line":291,"column":45},"end":{"line":291,"column":47}}]},"1":{"loc":{"start":{"line":306,"column":4},"end":{"line":313,"column":5}},"type":"if","locations":[{"start":{"line":306,"column":4},"end":{"line":313,"column":5}}]},"2":{"loc":{"start":{"line":309,"column":8},"end":{"line":311,"column":41}},"type":"binary-expr","locations":[{"start":{"line":309,"column":8},"end":{"line":309,"column":45}},{"start":{"line":310,"column":8},"end":{"line":310,"column":47}},{"start":{"line":311,"column":8},"end":{"line":311,"column":41}}]},"3":{"loc":{"start":{"line":315,"column":4},"end":{"line":317,"column":5}},"type":"if","locations":[{"start":{"line":315,"column":4},"end":{"line":317,"column":5}}]},"4":{"loc":{"start":{"line":323,"column":11},"end":{"line":323,"column":131}},"type":"binary-expr","locations":[{"start":{"line":323,"column":11},"end":{"line":323,"column":125}},{"start":{"line":323,"column":129},"end":{"line":323,"column":131}}]},"5":{"loc":{"start":{"line":327,"column":11},"end":{"line":327,"column":122}},"type":"binary-expr","locations":[{"start":{"line":327,"column":11},"end":{"line":327,"column":116}},{"start":{"line":327,"column":120},"end":{"line":327,"column":122}}]}},"s":{"0":2,"1":2,"2":2,"3":2,"4":2,"5":2,"6":10,"7":10,"8":10,"9":10,"10":10,"11":10,"12":10,"13":9,"14":9,"15":9,"16":1,"17":1,"18":1,"19":15,"20":15,"21":3,"22":3,"23":9,"24":15,"25":2,"26":4,"27":15,"28":5,"29":5,"30":2,"31":2},"f":{"0":10,"1":10,"2":9,"3":1,"4":15,"5":9,"6":4,"7":5,"8":5},"b":{"0":[9,1],"1":[3],"2":[9,7,6],"3":[2],"4":[5,1],"5":[5,1]}}
,"C:\\Users\\athit\\Demo Projects\\3-insightboard-admin\\src\\app\\features\\dashboard\\dashboard.component.ts": {"path":"C:\\Users\\athit\\Demo Projects\\3-insightboard-admin\\src\\app\\features\\dashboard\\dashboard.component.ts","statementMap":{"0":{"start":{"line":1,"column":0},"end":{"line":1,"column":null}},"1":{"start":{"line":10,"column":0},"end":{"line":10,"column":47}},"2":{"start":{"line":11,"column":0},"end":{"line":11,"column":45}},"3":{"start":{"line":12,"column":0},"end":{"line":12,"column":48}},"4":{"start":{"line":13,"column":0},"end":{"line":13,"column":92}},"5":{"start":{"line":15,"column":0},"end":{"line":15,"column":33}},"6":{"start":{"line":521,"column":10},"end":{"line":521,"column":54}},"7":{"start":{"line":523,"column":2},"end":{"line":523,"column":53}},"8":{"start":{"line":524,"column":2},"end":{"line":524,"column":35}},"9":{"start":{"line":525,"column":2},"end":{"line":525,"column":37}},"10":{"start":{"line":526,"column":2},"end":{"line":526,"column":27}},"11":{"start":{"line":528,"column":10},"end":{"line":528,"column":31}},"12":{"start":{"line":531,"column":4},"end":{"line":536,"column":7}},"13":{"start":{"line":532,"column":6},"end":{"line":532,"column":31}},"14":{"start":{"line":533,"column":6},"end":{"line":533,"column":85}},"15":{"start":{"line":533,"column":66},"end":{"line":533,"column":79}},"16":{"start":{"line":534,"column":6},"end":{"line":534,"column":36}},"17":{"start":{"line":535,"column":6},"end":{"line":535,"column":53}},"18":{"start":{"line":535,"column":23},"end":{"line":535,"column":46}},"19":{"start":{"line":538,"column":4},"end":{"line":540,"column":7}},"20":{"start":{"line":539,"column":6},"end":{"line":539,"column":50}},"21":{"start":{"line":544,"column":4},"end":{"line":544,"column":50}},"22":{"start":{"line":544,"column":33},"end":{"line":544,"column":48}},"23":{"start":{"line":548,"column":4},"end":{"line":557,"column":7}},"24":{"start":{"line":561,"column":4},"end":{"line":561,"column":37}},"25":{"start":{"line":563,"column":4},"end":{"line":610,"column":5}},"26":{"start":{"line":564,"column":18},"end":{"line":564,"column":70}},"27":{"start":{"line":565,"column":20},"end":{"line":608,"column":8}},"28":{"start":{"line":568,"column":48},"end":{"line":568,"column":55}},"29":{"start":{"line":571,"column":48},"end":{"line":571,"column":57}},"30":{"start":{"line":573,"column":31},"end":{"line":573,"column":83}},"31":{"start":{"line":574,"column":14},"end":{"line":574,"column":63}},"32":{"start":{"line":575,"column":14},"end":{"line":575,"column":63}},"33":{"start":{"line":576,"column":14},"end":{"line":576,"column":30}},"34":{"start":{"line":594,"column":45},"end":{"line":594,"column":88}},"35":{"start":{"line":603,"column":35},"end":{"line":603,"column":71}},"36":{"start":{"line":609,"column":6},"end":{"line":609,"column":30}},"37":{"start":{"line":612,"column":4},"end":{"line":642,"column":5}},"38":{"start":{"line":613,"column":18},"end":{"line":613,"column":69}},"39":{"start":{"line":614,"column":20},"end":{"line":640,"column":8}},"40":{"start":{"line":617,"column":53},"end":{"line":617,"column":64}},"41":{"start":{"line":619,"column":53},"end":{"line":619,"column":63}},"42":{"start":{"line":641,"column":6},"end":{"line":641,"column":30}},"43":{"start":{"line":644,"column":4},"end":{"line":696,"column":5}},"44":{"start":{"line":645,"column":18},"end":{"line":645,"column":71}},"45":{"start":{"line":646,"column":23},"end":{"line":646,"column":61}},"46":{"start":{"line":647,"column":6},"end":{"line":647,"column":55}},"47":{"start":{"line":648,"column":6},"end":{"line":648,"column":53}},"48":{"start":{"line":650,"column":20},"end":{"line":694,"column":8}},"49":{"start":{"line":654,"column":25},"end":{"line":654,"column":43}},"50":{"start":{"line":655,"column":12},"end":{"line":655,"column":62}},"51":{"start":{"line":659,"column":46},"end":{"line":659,"column":58}},"52":{"start":{"line":680,"column":45},"end":{"line":680,"column":71}},"53":{"start":{"line":695,"column":6},"end":{"line":695,"column":30}},"54":{"start":{"line":700,"column":40},"end":{"line":705,"column":6}},"55":{"start":{"line":706,"column":4},"end":{"line":706,"column":29}},"56":{"start":{"line":710,"column":16},"end":{"line":710,"column":100}},"57":{"start":{"line":710,"column":86},"end":{"line":710,"column":98}},"58":{"start":{"line":711,"column":4},"end":{"line":711,"column":59}},"59":{"start":{"line":516,"column":13},"end":{"line":516,"column":31}},"60":{"start":{"line":516,"column":13},"end":{"line":713,"column":null}}},"fnMap":{"0":{"name":"(anonymous_0)","decl":{"start":{"line":516,"column":7},"end":{"line":516,"column":13}},"loc":{"start":{"line":516,"column":7},"end":{"line":713,"column":1}}},"1":{"name":"(anonymous_1)","decl":{"start":{"line":530,"column":2},"end":{"line":530,"column":10}},"loc":{"start":{"line":530,"column":10},"end":{"line":541,"column":3}}},"2":{"name":"(anonymous_2)","decl":{"start":{"line":531,"column":53},"end":{"line":531,"column":57}},"loc":{"start":{"line":531,"column":60},"end":{"line":536,"column":5}}},"3":{"name":"(anonymous_3)","decl":{"start":{"line":533,"column":56},"end":{"line":533,"column":57}},"loc":{"start":{"line":533,"column":66},"end":{"line":533,"column":79}}},"4":{"name":"(anonymous_4)","decl":{"start":{"line":535,"column":17},"end":{"line":535,"column":20}},"loc":{"start":{"line":535,"column":23},"end":{"line":535,"column":46}}},"5":{"name":"(anonymous_5)","decl":{"start":{"line":538,"column":57},"end":{"line":538,"column":60}},"loc":{"start":{"line":538,"column":63},"end":{"line":540,"column":5}}},"6":{"name":"(anonymous_6)","decl":{"start":{"line":543,"column":2},"end":{"line":543,"column":13}},"loc":{"start":{"line":543,"column":13},"end":{"line":545,"column":3}}},"7":{"name":"(anonymous_7)","decl":{"start":{"line":544,"column":24},"end":{"line":544,"column":29}},"loc":{"start":{"line":544,"column":33},"end":{"line":544,"column":48}}},"8":{"name":"(anonymous_8)","decl":{"start":{"line":547,"column":10},"end":{"line":547,"column":23}},"loc":{"start":{"line":547,"column":33},"end":{"line":558,"column":3}}},"9":{"name":"(anonymous_9)","decl":{"start":{"line":560,"column":10},"end":{"line":560,"column":22}},"loc":{"start":{"line":560,"column":46},"end":{"line":697,"column":3}}},"10":{"name":"(anonymous_10)","decl":{"start":{"line":568,"column":43},"end":{"line":568,"column":44}},"loc":{"start":{"line":568,"column":48},"end":{"line":568,"column":55}}},"11":{"name":"(anonymous_11)","decl":{"start":{"line":571,"column":43},"end":{"line":571,"column":44}},"loc":{"start":{"line":571,"column":48},"end":{"line":571,"column":57}}},"12":{"name":"(anonymous_12)","decl":{"start":{"line":572,"column":29},"end":{"line":572,"column":36}},"loc":{"start":{"line":572,"column":39},"end":{"line":577,"column":13}}},"13":{"name":"(anonymous_13)","decl":{"start":{"line":594,"column":34},"end":{"line":594,"column":41}},"loc":{"start":{"line":594,"column":45},"end":{"line":594,"column":88}}},"14":{"name":"(anonymous_14)","decl":{"start":{"line":603,"column":26},"end":{"line":603,"column":31}},"loc":{"start":{"line":603,"column":35},"end":{"line":603,"column":71}}},"15":{"name":"(anonymous_15)","decl":{"start":{"line":617,"column":45},"end":{"line":617,"column":49}},"loc":{"start":{"line":617,"column":53},"end":{"line":617,"column":64}}},"16":{"name":"(anonymous_16)","decl":{"start":{"line":619,"column":45},"end":{"line":619,"column":49}},"loc":{"start":{"line":619,"column":53},"end":{"line":619,"column":63}}},"17":{"name":"(anonymous_17)","decl":{"start":{"line":653,"column":39},"end":{"line":653,"column":42}},"loc":{"start":{"line":653,"column":45},"end":{"line":656,"column":11}}},"18":{"name":"(anonymous_18)","decl":{"start":{"line":659,"column":39},"end":{"line":659,"column":42}},"loc":{"start":{"line":659,"column":46},"end":{"line":659,"column":58}}},"19":{"name":"(anonymous_19)","decl":{"start":{"line":680,"column":34},"end":{"line":680,"column":41}},"loc":{"start":{"line":680,"column":45},"end":{"line":680,"column":71}}},"20":{"name":"(anonymous_20)","decl":{"start":{"line":699,"column":2},"end":{"line":699,"column":16}},"loc":{"start":{"line":699,"column":31},"end":{"line":707,"column":3}}},"21":{"name":"(anonymous_21)","decl":{"start":{"line":709,"column":2},"end":{"line":709,"column":13}},"loc":{"start":{"line":709,"column":29},"end":{"line":712,"column":3}}},"22":{"name":"(anonymous_22)","decl":{"start":{"line":710,"column":78},"end":{"line":710,"column":82}},"loc":{"start":{"line":710,"column":86},"end":{"line":710,"column":98}}}},"branchMap":{"0":{"loc":{"start":{"line":539,"column":30},"end":{"line":539,"column":48}},"type":"binary-expr","locations":[{"start":{"line":539,"column":30},"end":{"line":539,"column":42}},{"start":{"line":539,"column":46},"end":{"line":539,"column":48}}]},"1":{"loc":{"start":{"line":563,"column":4},"end":{"line":610,"column":5}},"type":"if","locations":[{"start":{"line":563,"column":4},"end":{"line":610,"column":5}}]},"2":{"loc":{"start":{"line":612,"column":4},"end":{"line":642,"column":5}},"type":"if","locations":[{"start":{"line":612,"column":4},"end":{"line":642,"column":5}}]},"3":{"loc":{"start":{"line":644,"column":4},"end":{"line":696,"column":5}},"type":"if","locations":[{"start":{"line":644,"column":4},"end":{"line":696,"column":5}}]},"4":{"loc":{"start":{"line":706,"column":11},"end":{"line":706,"column":28}},"type":"binary-expr","locations":[{"start":{"line":706,"column":11},"end":{"line":706,"column":22}},{"start":{"line":706,"column":26},"end":{"line":706,"column":28}}]},"5":{"loc":{"start":{"line":710,"column":29},"end":{"line":710,"column":72}},"type":"binary-expr","locations":[{"start":{"line":710,"column":29},"end":{"line":710,"column":66}},{"start":{"line":710,"column":70},"end":{"line":710,"column":72}}]},"6":{"loc":{"start":{"line":711,"column":11},"end":{"line":711,"column":58}},"type":"cond-expr","locations":[{"start":{"line":711,"column":21},"end":{"line":711,"column":54}},{"start":{"line":711,"column":57},"end":{"line":711,"column":58}}]}},"s":{"0":2,"1":2,"2":2,"3":2,"4":2,"5":2,"6":6,"7":6,"8":6,"9":6,"10":6,"11":6,"12":3,"13":3,"14":3,"15":6,"16":3,"17":3,"18":3,"19":3,"20":3,"21":7,"22":13,"23":3,"24":3,"25":3,"26":3,"27":3,"28":6,"29":6,"30":1,"31":1,"32":1,"33":1,"34":1,"35":1,"36":3,"37":3,"38":3,"39":3,"40":6,"41":6,"42":3,"43":3,"44":3,"45":3,"46":3,"47":3,"48":3,"49":6,"50":6,"51":6,"52":1,"53":3,"54":2,"55":2,"56":3,"57":2,"58":3,"59":2,"60":2},"f":{"0":6,"1":3,"2":3,"3":6,"4":3,"5":3,"6":7,"7":13,"8":3,"9":3,"10":6,"11":6,"12":1,"13":1,"14":1,"15":6,"16":6,"17":6,"18":6,"19":1,"20":2,"21":3,"22":2},"b":{"0":[3,1],"1":[3],"2":[3],"3":[3],"4":[2,1],"5":[3,1],"6":[1,2]}}
,"C:\\Users\\athit\\Demo Projects\\3-insightboard-admin\\src\\app\\features\\login\\login.component.ts": {"path":"C:\\Users\\athit\\Demo Projects\\3-insightboard-admin\\src\\app\\features\\login\\login.component.ts","statementMap":{"0":{"start":{"line":1,"column":0},"end":{"line":1,"column":58}},"1":{"start":{"line":2,"column":0},"end":{"line":2,"column":47}},"2":{"start":{"line":3,"column":0},"end":{"line":3,"column":45}},"3":{"start":{"line":4,"column":0},"end":{"line":4,"column":41}},"4":{"start":{"line":5,"column":0},"end":{"line":5,"column":63}},"5":{"start":{"line":154,"column":7},"end":{"line":190,"column":null}},"6":{"start":{"line":155,"column":10},"end":{"line":155,"column":37}},"7":{"start":{"line":156,"column":10},"end":{"line":156,"column":34}},"8":{"start":{"line":158,"column":2},"end":{"line":158,"column":13}},"9":{"start":{"line":159,"column":2},"end":{"line":159,"column":16}},"10":{"start":{"line":160,"column":2},"end":{"line":160,"column":26}},"11":{"start":{"line":161,"column":2},"end":{"line":161,"column":21}},"12":{"start":{"line":164,"column":4},"end":{"line":167,"column":5}},"13":{"start":{"line":165,"column":6},"end":{"line":165,"column":57}},"14":{"start":{"line":166,"column":6},"end":{"line":166,"column":13}},"15":{"start":{"line":169,"column":4},"end":{"line":169,"column":27}},"16":{"start":{"line":170,"column":4},"end":{"line":170,"column":23}},"17":{"start":{"line":171,"column":4},"end":{"line":188,"column":7}},"18":{"start":{"line":173,"column":8},"end":{"line":178,"column":9}},"19":{"start":{"line":174,"column":10},"end":{"line":174,"column":34}},"20":{"start":{"line":175,"column":10},"end":{"line":175,"column":69}},"21":{"start":{"line":176,"column":10},"end":{"line":176,"column":34}},"22":{"start":{"line":177,"column":10},"end":{"line":177,"column":17}},"23":{"start":{"line":179,"column":8},"end":{"line":179,"column":36}},"24":{"start":{"line":182,"column":8},"end":{"line":182,"column":77}},"25":{"start":{"line":183,"column":8},"end":{"line":183,"column":32}},"26":{"start":{"line":186,"column":8},"end":{"line":186,"column":32}},"27":{"start":{"line":154,"column":13},"end":{"line":154,"column":27}},"28":{"start":{"line":154,"column":13},"end":{"line":190,"column":null}}},"fnMap":{"0":{"name":"(anonymous_0)","decl":{"start":{"line":154,"column":7},"end":{"line":154,"column":13}},"loc":{"start":{"line":154,"column":7},"end":{"line":190,"column":1}}},"1":{"name":"(anonymous_1)","decl":{"start":{"line":163,"column":2},"end":{"line":163,"column":7}},"loc":{"start":{"line":163,"column":7},"end":{"line":189,"column":3}}},"2":{"name":"(anonymous_2)","decl":{"start":{"line":172,"column":12},"end":{"line":172,"column":20}},"loc":{"start":{"line":172,"column":23},"end":{"line":180,"column":7}}},"3":{"name":"(anonymous_3)","decl":{"start":{"line":181,"column":13},"end":{"line":181,"column":16}},"loc":{"start":{"line":181,"column":19},"end":{"line":184,"column":7}}},"4":{"name":"(anonymous_4)","decl":{"start":{"line":185,"column":16},"end":{"line":185,"column":19}},"loc":{"start":{"line":185,"column":21},"end":{"line":187,"column":7}}}},"branchMap":{"0":{"loc":{"start":{"line":164,"column":4},"end":{"line":167,"column":5}},"type":"if","locations":[{"start":{"line":164,"column":4},"end":{"line":167,"column":5}}]},"1":{"loc":{"start":{"line":164,"column":8},"end":{"line":164,"column":37}},"type":"binary-expr","locations":[{"start":{"line":164,"column":8},"end":{"line":164,"column":19}},{"start":{"line":164,"column":23},"end":{"line":164,"column":37}}]},"2":{"loc":{"start":{"line":173,"column":8},"end":{"line":178,"column":9}},"type":"if","locations":[{"start":{"line":173,"column":8},"end":{"line":178,"column":9}}]},"3":{"loc":{"start":{"line":182,"column":23},"end":{"line":182,"column":75}},"type":"binary-expr","locations":[{"start":{"line":182,"column":23},"end":{"line":182,"column":41}},{"start":{"line":182,"column":45},"end":{"line":182,"column":75}}]}},"s":{"0":2,"1":2,"2":2,"3":2,"4":2,"5":2,"6":5,"7":5,"8":5,"9":5,"10":5,"11":5,"12":5,"13":1,"14":1,"15":4,"16":4,"17":4,"18":2,"19":1,"20":1,"21":1,"22":1,"23":1,"24":2,"25":2,"26":2,"27":2,"28":2},"f":{"0":5,"1":5,"2":2,"3":2,"4":2},"b":{"0":[1],"1":[5,4],"2":[1],"3":[2,1]}}
,"C:\\Users\\athit\\Demo Projects\\3-insightboard-admin\\src\\app\\features\\transactions\\transactions.component.ts": {"path":"C:\\Users\\athit\\Demo Projects\\3-insightboard-admin\\src\\app\\features\\transactions\\transactions.component.ts","statementMap":{"0":{"start":{"line":1,"column":0},"end":{"line":1,"column":47}},"1":{"start":{"line":2,"column":0},"end":{"line":2,"column":62}},"2":{"start":{"line":3,"column":0},"end":{"line":3,"column":66}},"3":{"start":{"line":4,"column":0},"end":{"line":4,"column":45}},"4":{"start":{"line":5,"column":0},"end":{"line":5,"column":64}},"5":{"start":{"line":239,"column":7},"end":{"line":326,"column":null}},"6":{"start":{"line":240,"column":10},"end":{"line":240,"column":36}},"7":{"start":{"line":242,"column":2},"end":{"line":242,"column":35}},"8":{"start":{"line":243,"column":2},"end":{"line":243,"column":20}},"9":{"start":{"line":245,"column":2},"end":{"line":250,"column":4}},"10":{"start":{"line":253,"column":4},"end":{"line":253,"column":28}},"11":{"start":{"line":257,"column":17},"end":{"line":257,"column":53}},"12":{"start":{"line":259,"column":4},"end":{"line":261,"column":5}},"13":{"start":{"line":260,"column":6},"end":{"line":260,"column":55}},"14":{"start":{"line":263,"column":4},"end":{"line":320,"column":7}},"15":{"start":{"line":265,"column":21},"end":{"line":265,"column":43}},"16":{"start":{"line":266,"column":8},"end":{"line":266,"column":36}},"17":{"start":{"line":267,"column":8},"end":{"line":267,"column":70}},"18":{"start":{"line":268,"column":8},"end":{"line":268,"column":100}},"19":{"start":{"line":268,"column":68},"end":{"line":268,"column":90}},"20":{"start":{"line":269,"column":8},"end":{"line":269,"column":99}},"21":{"start":{"line":269,"column":68},"end":{"line":269,"column":89}},"22":{"start":{"line":270,"column":20},"end":{"line":272,"column":57}},"23":{"start":{"line":271,"column":30},"end":{"line":271,"column":52}},"24":{"start":{"line":272,"column":41},"end":{"line":272,"column":53}},"25":{"start":{"line":273,"column":8},"end":{"line":273,"column":101}},"26":{"start":{"line":276,"column":8},"end":{"line":314,"column":11}},"27":{"start":{"line":315,"column":8},"end":{"line":315,"column":41}},"28":{"start":{"line":316,"column":8},"end":{"line":316,"column":41}},"29":{"start":{"line":317,"column":8},"end":{"line":317,"column":41}},"30":{"start":{"line":318,"column":8},"end":{"line":318,"column":46}},"31":{"start":{"line":324,"column":4},"end":{"line":324,"column":126}},"32":{"start":{"line":239,"column":13},"end":{"line":239,"column":34}},"33":{"start":{"line":239,"column":13},"end":{"line":326,"column":null}}},"fnMap":{"0":{"name":"(anonymous_0)","decl":{"start":{"line":239,"column":7},"end":{"line":239,"column":13}},"loc":{"start":{"line":239,"column":7},"end":{"line":326,"column":1}}},"1":{"name":"(anonymous_1)","decl":{"start":{"line":252,"column":2},"end":{"line":252,"column":10}},"loc":{"start":{"line":252,"column":10},"end":{"line":254,"column":3}}},"2":{"name":"(anonymous_2)","decl":{"start":{"line":256,"column":2},"end":{"line":256,"column":18}},"loc":{"start":{"line":256,"column":18},"end":{"line":321,"column":3}}},"3":{"name":"(anonymous_3)","decl":{"start":{"line":264,"column":12},"end":{"line":264,"column":15}},"loc":{"start":{"line":264,"column":18},"end":{"line":274,"column":7}}},"4":{"name":"(anonymous_4)","decl":{"start":{"line":268,"column":56},"end":{"line":268,"column":57}},"loc":{"start":{"line":268,"column":68},"end":{"line":268,"column":90}}},"5":{"name":"(anonymous_5)","decl":{"start":{"line":269,"column":56},"end":{"line":269,"column":57}},"loc":{"start":{"line":269,"column":68},"end":{"line":269,"column":89}}},"6":{"name":"(anonymous_6)","decl":{"start":{"line":271,"column":18},"end":{"line":271,"column":19}},"loc":{"start":{"line":271,"column":30},"end":{"line":271,"column":52}}},"7":{"name":"(anonymous_7)","decl":{"start":{"line":272,"column":18},"end":{"line":272,"column":19}},"loc":{"start":{"line":272,"column":41},"end":{"line":272,"column":53}}},"8":{"name":"(anonymous_8)","decl":{"start":{"line":275,"column":13},"end":{"line":275,"column":16}},"loc":{"start":{"line":275,"column":18},"end":{"line":319,"column":7}}},"9":{"name":"(anonymous_9)","decl":{"start":{"line":323,"column":2},"end":{"line":323,"column":10}},"loc":{"start":{"line":323,"column":20},"end":{"line":325,"column":3}}}},"branchMap":{"0":{"loc":{"start":{"line":259,"column":4},"end":{"line":261,"column":5}},"type":"if","locations":[{"start":{"line":259,"column":4},"end":{"line":261,"column":5}}]},"1":{"loc":{"start":{"line":265,"column":21},"end":{"line":265,"column":43}},"type":"binary-expr","locations":[{"start":{"line":265,"column":21},"end":{"line":265,"column":37}},{"start":{"line":265,"column":41},"end":{"line":265,"column":43}}]},"2":{"loc":{"start":{"line":267,"column":44},"end":{"line":267,"column":68}},"type":"binary-expr","locations":[{"start":{"line":267,"column":44},"end":{"line":267,"column":53}},{"start":{"line":267,"column":57},"end":{"line":267,"column":68}}]},"3":{"loc":{"start":{"line":324,"column":11},"end":{"line":324,"column":125}},"type":"binary-expr","locations":[{"start":{"line":324,"column":11},"end":{"line":324,"column":119}},{"start":{"line":324,"column":123},"end":{"line":324,"column":125}}]}},"s":{"0":2,"1":2,"2":2,"3":2,"4":2,"5":2,"6":7,"7":7,"8":7,"9":7,"10":7,"11":8,"12":8,"13":1,"14":8,"15":7,"16":7,"17":7,"18":7,"19":7,"20":7,"21":7,"22":7,"23":7,"24":3,"25":7,"26":1,"27":1,"28":1,"29":1,"30":1,"31":5,"32":2,"33":2},"f":{"0":7,"1":7,"2":8,"3":7,"4":7,"5":7,"6":7,"7":3,"8":1,"9":5},"b":{"0":[1],"1":[7,1],"2":[7,5],"3":[5,1]}}
,"C:\\Users\\athit\\Demo Projects\\3-insightboard-admin\\src\\app\\shared\\components\\header\\header.component.ts": {"path":"C:\\Users\\athit\\Demo Projects\\3-insightboard-admin\\src\\app\\shared\\components\\header\\header.component.ts","statementMap":{"0":{"start":{"line":1,"column":0},"end":{"line":1,"column":47}},"1":{"start":{"line":2,"column":0},"end":{"line":2,"column":90}},"2":{"start":{"line":3,"column":0},"end":{"line":3,"column":66}},"3":{"start":{"line":276,"column":10},"end":{"line":276,"column":37}},"4":{"start":{"line":278,"column":12},"end":{"line":278,"column":null}},"5":{"start":{"line":280,"column":2},"end":{"line":280,"column":25}},"6":{"start":{"line":281,"column":2},"end":{"line":281,"column":21}},"7":{"start":{"line":282,"column":2},"end":{"line":282,"column":71}},"8":{"start":{"line":282,"column":31},"end":{"line":282,"column":69}},"9":{"start":{"line":283,"column":2},"end":{"line":283,"column":86}},"10":{"start":{"line":283,"column":30},"end":{"line":283,"column":83}},"11":{"start":{"line":284,"column":2},"end":{"line":291,"column":4}},"12":{"start":{"line":285,"column":4},"end":{"line":290,"column":20}},"13":{"start":{"line":287,"column":19},"end":{"line":287,"column":26}},"14":{"start":{"line":294,"column":14},"end":{"line":294,"column":35}},"15":{"start":{"line":295,"column":4},"end":{"line":295,"column":78}},"16":{"start":{"line":296,"column":4},"end":{"line":303,"column":6}},"17":{"start":{"line":307,"column":4},"end":{"line":307,"column":23}},"18":{"start":{"line":275,"column":13},"end":{"line":275,"column":28}},"19":{"start":{"line":275,"column":13},"end":{"line":309,"column":null}}},"fnMap":{"0":{"name":"(anonymous_0)","decl":{"start":{"line":293,"column":2},"end":{"line":293,"column":null}},"loc":{"start":{"line":293,"column":2},"end":{"line":304,"column":3}}},"1":{"name":"(anonymous_1)","decl":{"start":{"line":282,"column":25},"end":{"line":282,"column":28}},"loc":{"start":{"line":282,"column":31},"end":{"line":282,"column":69}}},"2":{"name":"(anonymous_2)","decl":{"start":{"line":283,"column":23},"end":{"line":283,"column":26}},"loc":{"start":{"line":283,"column":30},"end":{"line":283,"column":83}}},"3":{"name":"(anonymous_3)","decl":{"start":{"line":284,"column":22},"end":{"line":284,"column":25}},"loc":{"start":{"line":285,"column":4},"end":{"line":290,"column":20}}},"4":{"name":"(anonymous_4)","decl":{"start":{"line":287,"column":11},"end":{"line":287,"column":15}},"loc":{"start":{"line":287,"column":19},"end":{"line":287,"column":26}}},"5":{"name":"(anonymous_5)","decl":{"start":{"line":306,"column":2},"end":{"line":306,"column":8}},"loc":{"start":{"line":306,"column":8},"end":{"line":308,"column":3}}}},"branchMap":{"0":{"loc":{"start":{"line":282,"column":31},"end":{"line":282,"column":69}},"type":"binary-expr","locations":[{"start":{"line":282,"column":31},"end":{"line":282,"column":58}},{"start":{"line":282,"column":62},"end":{"line":282,"column":69}}]},"1":{"loc":{"start":{"line":283,"column":30},"end":{"line":283,"column":83}},"type":"cond-expr","locations":[{"start":{"line":283,"column":59},"end":{"line":283,"column":74}},{"start":{"line":283,"column":77},"end":{"line":283,"column":83}}]},"2":{"loc":{"start":{"line":285,"column":5},"end":{"line":285,"column":43}},"type":"binary-expr","locations":[{"start":{"line":285,"column":5},"end":{"line":285,"column":32}},{"start":{"line":285,"column":36},"end":{"line":285,"column":43}}]},"3":{"loc":{"start":{"line":295,"column":23},"end":{"line":295,"column":76}},"type":"cond-expr","locations":[{"start":{"line":295,"column":32},"end":{"line":295,"column":41}},{"start":{"line":295,"column":44},"end":{"line":295,"column":76}}]},"4":{"loc":{"start":{"line":295,"column":44},"end":{"line":295,"column":76}},"type":"cond-expr","locations":[{"start":{"line":295,"column":53},"end":{"line":295,"column":64}},{"start":{"line":295,"column":67},"end":{"line":295,"column":76}}]}},"s":{"0":2,"1":2,"2":2,"3":7,"4":7,"5":7,"6":7,"7":7,"8":2,"9":7,"10":2,"11":7,"12":2,"13":3,"14":7,"15":7,"16":7,"17":1,"18":2,"19":2},"f":{"0":7,"1":2,"2":2,"3":2,"4":3,"5":1},"b":{"0":[2,1],"1":[1,1],"2":[2,1],"3":[1,6],"4":[1,5]}}
,"C:\\Users\\athit\\Demo Projects\\3-insightboard-admin\\src\\app\\shared\\components\\sidebar\\sidebar.component.ts": {"path":"C:\\Users\\athit\\Demo Projects\\3-insightboard-admin\\src\\app\\shared\\components\\sidebar\\sidebar.component.ts","statementMap":{"0":{"start":{"line":1,"column":0},"end":{"line":1,"column":47}},"1":{"start":{"line":2,"column":0},"end":{"line":2,"column":79}},"2":{"start":{"line":3,"column":0},"end":{"line":3,"column":63}},"3":{"start":{"line":4,"column":0},"end":{"line":4,"column":67}},"4":{"start":{"line":300,"column":11},"end":{"line":300,"column":null}},"5":{"start":{"line":301,"column":12},"end":{"line":301,"column":null}},"6":{"start":{"line":303,"column":2},"end":{"line":303,"column":28}},"7":{"start":{"line":305,"column":2},"end":{"line":309,"column":4}},"8":{"start":{"line":311,"column":2},"end":{"line":314,"column":4}},"9":{"start":{"line":317,"column":4},"end":{"line":317,"column":43}},"10":{"start":{"line":317,"column":35},"end":{"line":317,"column":41}},"11":{"start":{"line":321,"column":4},"end":{"line":321,"column":29}},"12":{"start":{"line":299,"column":13},"end":{"line":299,"column":29}},"13":{"start":{"line":299,"column":13},"end":{"line":323,"column":null}}},"fnMap":{"0":{"name":"(anonymous_0)","decl":{"start":{"line":299,"column":7},"end":{"line":299,"column":13}},"loc":{"start":{"line":299,"column":7},"end":{"line":323,"column":1}}},"1":{"name":"(anonymous_1)","decl":{"start":{"line":316,"column":2},"end":{"line":316,"column":17}},"loc":{"start":{"line":316,"column":17},"end":{"line":318,"column":3}}},"2":{"name":"(anonymous_2)","decl":{"start":{"line":317,"column":26},"end":{"line":317,"column":31}},"loc":{"start":{"line":317,"column":35},"end":{"line":317,"column":41}}},"3":{"name":"(anonymous_3)","decl":{"start":{"line":320,"column":2},"end":{"line":320,"column":16}},"loc":{"start":{"line":320,"column":16},"end":{"line":322,"column":3}}}},"branchMap":{},"s":{"0":2,"1":2,"2":2,"3":2,"4":3,"5":3,"6":3,"7":3,"8":3,"9":2,"10":2,"11":1,"12":2,"13":2},"f":{"0":3,"1":2,"2":2,"3":1},"b":{}}
}
