TN:
SF:src\app\app.component.ts
FN:97,(anonymous_0)
FN:95,(anonymous_1)
FN:99,(anonymous_2)
FN:100,(anonymous_3)
FN:106,(anonymous_4)
FN:110,(anonymous_5)
FN:111,(anonymous_6)
FN:114,(anonymous_7)
FNF:8
FNH:8
FNDA:4,(anonymous_0)
FNDA:2,(anonymous_1)
FNDA:1,(anonymous_2)
FNDA:1,(anonymous_3)
FNDA:1,(anonymous_4)
FNDA:1,(anonymous_5)
FNDA:1,(anonymous_6)
FNDA:2,(anonymous_7)
DA:1,1
DA:2,1
DA:3,1
DA:4,1
DA:5,1
DA:6,1
DA:7,1
DA:89,1
DA:90,4
DA:91,4
DA:92,4
DA:94,4
DA:95,4
DA:98,4
DA:99,1
DA:101,1
DA:102,1
DA:105,4
DA:106,1
DA:111,1
DA:115,2
LF:21
LH:21
BRDA:95,0,0,2
BRDA:95,0,1,1
BRF:2
BRH:2
end_of_record
TN:
SF:src\app\app.config.ts
FNF:0
FNH:0
DA:1,0
DA:2,0
DA:3,0
DA:4,0
DA:5,0
DA:6,0
DA:8,0
LF:7
LH:0
BRF:0
BRH:0
end_of_record
TN:
SF:src\app\app.routes.ts
FN:7,(anonymous_0)
FN:8,(anonymous_1)
FN:8,(anonymous_2)
FN:13,(anonymous_3)
FN:14,(anonymous_4)
FN:14,(anonymous_5)
FN:20,(anonymous_6)
FN:21,(anonymous_7)
FN:21,(anonymous_8)
FN:27,(anonymous_9)
FN:28,(anonymous_10)
FN:28,(anonymous_11)
FNF:12
FNH:0
FNDA:0,(anonymous_0)
FNDA:0,(anonymous_1)
FNDA:0,(anonymous_2)
FNDA:0,(anonymous_3)
FNDA:0,(anonymous_4)
FNDA:0,(anonymous_5)
FNDA:0,(anonymous_6)
FNDA:0,(anonymous_7)
FNDA:0,(anonymous_8)
FNDA:0,(anonymous_9)
FNDA:0,(anonymous_10)
FNDA:0,(anonymous_11)
DA:2,0
DA:4,0
DA:8,0
DA:14,0
DA:21,0
DA:28,0
LF:6
LH:0
BRF:0
BRH:0
end_of_record
TN:
SF:src\app\core\guards\admin-auth.guard.ts
FN:5,(anonymous_0)
FNF:1
FNH:0
FNDA:0,(anonymous_0)
DA:1,0
DA:2,0
DA:3,0
DA:5,0
DA:6,0
DA:7,0
DA:9,0
DA:10,0
DA:13,0
LF:9
LH:0
BRDA:9,0,0,0
BRDA:9,1,0,0
BRDA:9,1,1,0
BRF:3
BRH:0
end_of_record
TN:
SF:src\app\core\interceptors\auth.interceptor.ts
FN:7,(anonymous_0)
FN:16,(anonymous_1)
FN:21,(anonymous_2)
FNF:3
FNH:0
FNDA:0,(anonymous_0)
FNDA:0,(anonymous_1)
FNDA:0,(anonymous_2)
DA:1,0
DA:2,0
DA:3,0
DA:4,0
DA:5,0
DA:7,0
DA:8,0
DA:9,0
DA:10,0
DA:11,0
DA:15,0
DA:17,0
DA:18,0
DA:19,0
DA:21,0
LF:15
LH:0
BRDA:11,0,0,0
BRDA:11,0,1,0
BRDA:17,1,0,0
BRDA:17,2,0,0
BRDA:17,2,1,0
BRDA:17,2,2,0
BRF:6
BRH:0
end_of_record
TN:
SF:src\app\core\services\analytics.service.ts
FN:32,(anonymous_0)
FN:36,(anonymous_1)
FN:42,(anonymous_2)
FN:48,(anonymous_3)
FNF:4
FNH:0
FNDA:0,(anonymous_0)
FNDA:0,(anonymous_1)
FNDA:0,(anonymous_2)
FNDA:0,(anonymous_3)
DA:1,1
DA:2,1
DA:4,1
DA:32,1
DA:33,0
DA:34,0
DA:37,0
DA:43,0
DA:49,0
LF:9
LH:4
BRDA:36,0,0,0
BRDA:42,1,0,0
BRF:2
BRH:0
end_of_record
TN:
SF:src\app\core\services\auth.service.ts
FN:27,(anonymous_0)
FN:35,(anonymous_1)
FN:36,(anonymous_2)
FN:37,(anonymous_3)
FN:38,(anonymous_4)
FN:39,(anonymous_5)
FN:41,(anonymous_6)
FN:43,(anonymous_7)
FN:47,(anonymous_8)
FN:59,(anonymous_9)
FN:64,(anonymous_10)
FN:71,(anonymous_11)
FN:80,(anonymous_12)
FNF:13
FNH:0
FNDA:0,(anonymous_0)
FNDA:0,(anonymous_1)
FNDA:0,(anonymous_2)
FNDA:0,(anonymous_3)
FNDA:0,(anonymous_4)
FNDA:0,(anonymous_5)
FNDA:0,(anonymous_6)
FNDA:0,(anonymous_7)
FNDA:0,(anonymous_8)
FNDA:0,(anonymous_9)
FNDA:0,(anonymous_10)
FNDA:0,(anonymous_11)
FNDA:0,(anonymous_12)
DA:1,2
DA:2,2
DA:3,2
DA:4,2
DA:5,2
DA:22,2
DA:23,2
DA:24,2
DA:27,2
DA:28,0
DA:29,0
DA:31,0
DA:32,0
DA:33,0
DA:35,0
DA:36,0
DA:37,0
DA:38,0
DA:39,0
DA:42,0
DA:43,0
DA:48,0
DA:49,0
DA:50,0
DA:51,0
DA:52,0
DA:53,0
DA:54,0
DA:55,0
DA:60,0
DA:61,0
DA:63,0
DA:65,0
DA:66,0
DA:72,0
DA:73,0
DA:74,0
DA:75,0
DA:76,0
DA:77,0
DA:81,0
DA:82,0
DA:83,0
DA:85,0
DA:86,0
DA:88,0
DA:89,0
LF:47
LH:9
BRDA:38,0,0,0
BRDA:38,0,1,0
BRDA:47,1,0,0
BRDA:54,2,0,0
BRDA:60,3,0,0
BRDA:82,4,0,0
BRF:6
BRH:0
end_of_record
TN:
SF:src\app\features\bookings-table\bookings-table.component.ts
FN:277,(anonymous_0)
FN:286,(anonymous_1)
FN:290,(anonymous_2)
FN:295,(anonymous_3)
FN:303,(anonymous_4)
FN:308,(anonymous_5)
FN:316,(anonymous_6)
FN:322,(anonymous_7)
FN:326,(anonymous_8)
FNF:9
FNH:9
FNDA:9,(anonymous_0)
FNDA:9,(anonymous_1)
FNDA:8,(anonymous_2)
FNDA:1,(anonymous_3)
FNDA:14,(anonymous_4)
FNDA:9,(anonymous_5)
FNDA:4,(anonymous_6)
FNDA:5,(anonymous_7)
FNDA:5,(anonymous_8)
DA:1,1
DA:2,1
DA:3,1
DA:4,1
DA:5,1
DA:277,1
DA:278,9
DA:280,9
DA:281,9
DA:282,9
DA:283,9
DA:284,9
DA:287,9
DA:291,8
DA:292,8
DA:293,8
DA:296,1
DA:297,1
DA:298,1
DA:304,14
DA:306,14
DA:307,3
DA:308,3
DA:309,9
DA:315,14
DA:316,4
DA:319,14
DA:323,5
DA:327,5
LF:29
LH:29
BRDA:291,0,0,8
BRDA:291,0,1,0
BRDA:306,1,0,3
BRDA:309,2,0,9
BRDA:309,2,1,7
BRDA:309,2,2,6
BRDA:315,3,0,2
BRDA:323,4,0,5
BRDA:323,4,1,1
BRDA:327,5,0,5
BRDA:327,5,1,1
BRF:11
BRH:10
end_of_record
TN:
SF:src\app\features\dashboard\dashboard.component.ts
FN:516,(anonymous_0)
FN:530,(anonymous_1)
FN:531,(anonymous_2)
FN:533,(anonymous_3)
FN:535,(anonymous_4)
FN:538,(anonymous_5)
FN:543,(anonymous_6)
FN:544,(anonymous_7)
FN:547,(anonymous_8)
FN:560,(anonymous_9)
FN:568,(anonymous_10)
FN:571,(anonymous_11)
FN:572,(anonymous_12)
FN:594,(anonymous_13)
FN:603,(anonymous_14)
FN:617,(anonymous_15)
FN:619,(anonymous_16)
FN:653,(anonymous_17)
FN:659,(anonymous_18)
FN:680,(anonymous_19)
FN:699,(anonymous_20)
FN:709,(anonymous_21)
FN:710,(anonymous_22)
FNF:23
FNH:23
FNDA:4,(anonymous_0)
FNDA:2,(anonymous_1)
FNDA:2,(anonymous_2)
FNDA:4,(anonymous_3)
FNDA:2,(anonymous_4)
FNDA:2,(anonymous_5)
FNDA:5,(anonymous_6)
FNDA:10,(anonymous_7)
FNDA:2,(anonymous_8)
FNDA:2,(anonymous_9)
FNDA:4,(anonymous_10)
FNDA:4,(anonymous_11)
FNDA:1,(anonymous_12)
FNDA:1,(anonymous_13)
FNDA:1,(anonymous_14)
FNDA:4,(anonymous_15)
FNDA:4,(anonymous_16)
FNDA:4,(anonymous_17)
FNDA:4,(anonymous_18)
FNDA:1,(anonymous_19)
FNDA:2,(anonymous_20)
FNDA:2,(anonymous_21)
FNDA:2,(anonymous_22)
DA:1,1
DA:10,1
DA:11,1
DA:12,1
DA:13,1
DA:15,1
DA:516,1
DA:521,4
DA:523,4
DA:524,4
DA:525,4
DA:526,4
DA:528,4
DA:531,2
DA:532,2
DA:533,4
DA:534,2
DA:535,2
DA:538,2
DA:539,2
DA:544,10
DA:548,2
DA:561,2
DA:563,2
DA:564,2
DA:565,2
DA:568,4
DA:571,4
DA:573,1
DA:574,1
DA:575,1
DA:576,1
DA:594,1
DA:603,1
DA:609,2
DA:612,2
DA:613,2
DA:614,2
DA:617,4
DA:619,4
DA:641,2
DA:644,2
DA:645,2
DA:646,2
DA:647,2
DA:648,2
DA:650,2
DA:654,4
DA:655,4
DA:659,4
DA:680,1
DA:695,2
DA:700,2
DA:706,2
DA:710,2
DA:711,2
LF:56
LH:56
BRDA:539,0,0,2
BRDA:539,0,1,0
BRDA:563,1,0,2
BRDA:612,2,0,2
BRDA:644,3,0,2
BRDA:706,4,0,2
BRDA:706,4,1,1
BRDA:710,5,0,2
BRDA:710,5,1,0
BRDA:711,6,0,1
BRDA:711,6,1,1
BRF:11
BRH:9
end_of_record
TN:
SF:src\app\features\login\login.component.ts
FN:154,(anonymous_0)
FN:163,(anonymous_1)
FN:172,(anonymous_2)
FN:181,(anonymous_3)
FN:185,(anonymous_4)
FNF:5
FNH:0
FNDA:0,(anonymous_0)
FNDA:0,(anonymous_1)
FNDA:0,(anonymous_2)
FNDA:0,(anonymous_3)
FNDA:0,(anonymous_4)
DA:1,0
DA:2,0
DA:3,0
DA:4,0
DA:5,0
DA:154,0
DA:155,0
DA:156,0
DA:158,0
DA:159,0
DA:160,0
DA:161,0
DA:164,0
DA:165,0
DA:166,0
DA:169,0
DA:170,0
DA:171,0
DA:173,0
DA:174,0
DA:175,0
DA:176,0
DA:177,0
DA:179,0
DA:182,0
DA:183,0
DA:186,0
LF:27
LH:0
BRDA:164,0,0,0
BRDA:164,1,0,0
BRDA:164,1,1,0
BRDA:173,2,0,0
BRDA:182,3,0,0
BRDA:182,3,1,0
BRF:6
BRH:0
end_of_record
TN:
SF:src\app\features\transactions\transactions.component.ts
FN:239,(anonymous_0)
FN:252,(anonymous_1)
FN:256,(anonymous_2)
FN:264,(anonymous_3)
FN:268,(anonymous_4)
FN:269,(anonymous_5)
FN:271,(anonymous_6)
FN:272,(anonymous_7)
FN:275,(anonymous_8)
FN:323,(anonymous_9)
FNF:10
FNH:10
FNDA:5,(anonymous_0)
FNDA:5,(anonymous_1)
FNDA:6,(anonymous_2)
FNDA:5,(anonymous_3)
FNDA:4,(anonymous_4)
FNDA:4,(anonymous_5)
FNDA:4,(anonymous_6)
FNDA:2,(anonymous_7)
FNDA:1,(anonymous_8)
FNDA:5,(anonymous_9)
DA:1,1
DA:2,1
DA:3,1
DA:4,1
DA:5,1
DA:239,1
DA:240,5
DA:242,5
DA:243,5
DA:245,5
DA:253,5
DA:257,6
DA:259,6
DA:260,1
DA:263,6
DA:265,5
DA:266,5
DA:267,5
DA:268,5
DA:269,5
DA:270,5
DA:271,4
DA:272,2
DA:273,5
DA:276,1
DA:315,1
DA:316,1
DA:317,1
DA:318,1
DA:324,5
LF:30
LH:30
BRDA:259,0,0,1
BRDA:265,1,0,5
BRDA:265,1,1,0
BRDA:267,2,0,5
BRDA:267,2,1,3
BRDA:324,3,0,5
BRDA:324,3,1,1
BRF:7
BRH:6
end_of_record
TN:
SF:src\app\shared\components\header\header.component.ts
FN:293,(anonymous_0)
FN:282,(anonymous_1)
FN:283,(anonymous_2)
FN:284,(anonymous_3)
FN:287,(anonymous_4)
FN:306,(anonymous_5)
FNF:6
FNH:6
FNDA:4,(anonymous_0)
FNDA:2,(anonymous_1)
FNDA:2,(anonymous_2)
FNDA:2,(anonymous_3)
FNDA:3,(anonymous_4)
FNDA:1,(anonymous_5)
DA:1,2
DA:2,2
DA:3,2
DA:275,2
DA:276,4
DA:278,4
DA:280,4
DA:281,4
DA:282,4
DA:283,4
DA:284,4
DA:285,2
DA:287,3
DA:294,4
DA:295,4
DA:296,4
DA:307,1
LF:17
LH:17
BRDA:282,0,0,2
BRDA:282,0,1,1
BRDA:283,1,0,1
BRDA:283,1,1,1
BRDA:285,2,0,2
BRDA:285,2,1,1
BRDA:295,3,0,4
BRDA:295,3,1,0
BRDA:295,4,0,0
BRDA:295,4,1,0
BRF:10
BRH:7
end_of_record
TN:
SF:src\app\shared\components\sidebar\sidebar.component.ts
FN:299,(anonymous_0)
FN:316,(anonymous_1)
FN:317,(anonymous_2)
FN:320,(anonymous_3)
FNF:4
FNH:4
FNDA:3,(anonymous_0)
FNDA:2,(anonymous_1)
FNDA:2,(anonymous_2)
FNDA:1,(anonymous_3)
DA:1,2
DA:2,2
DA:3,2
DA:4,2
DA:299,2
DA:300,3
DA:301,3
DA:303,3
DA:305,3
DA:311,3
DA:317,2
DA:321,1
LF:12
LH:12
BRF:0
BRH:0
end_of_record
