TN:
SF:src\app\app.component.ts
FN:61,(anonymous_0)
FN:59,(anonymous_1)
FN:63,(anonymous_2)
FN:64,(anonymous_3)
FN:67,(anonymous_4)
FNF:5
FNH:5
FNDA:3,(anonymous_0)
FNDA:2,(anonymous_1)
FNDA:1,(anonymous_2)
FNDA:1,(anonymous_3)
FNDA:1,(anonymous_4)
DA:1,1
DA:2,1
DA:3,1
DA:4,1
DA:5,1
DA:6,1
DA:7,1
DA:54,1
DA:55,3
DA:56,3
DA:57,3
DA:59,3
DA:62,3
DA:63,1
DA:64,1
DA:66,3
DA:67,1
LF:17
LH:17
BRDA:59,0,0,2
BRDA:59,0,1,1
BRF:2
BRH:2
end_of_record
TN:
SF:src\app\app.config.ts
FNF:0
FNH:0
DA:1,0
DA:2,0
DA:3,0
DA:4,0
DA:5,0
DA:6,0
DA:8,0
LF:7
LH:0
BRF:0
BRH:0
end_of_record
TN:
SF:src\app\app.routes.ts
FN:7,(anonymous_0)
FN:8,(anonymous_1)
FN:8,(anonymous_2)
FN:13,(anonymous_3)
FN:14,(anonymous_4)
FN:14,(anonymous_5)
FN:20,(anonymous_6)
FN:21,(anonymous_7)
FN:21,(anonymous_8)
FN:27,(anonymous_9)
FN:28,(anonymous_10)
FN:28,(anonymous_11)
FNF:12
FNH:0
FNDA:0,(anonymous_0)
FNDA:0,(anonymous_1)
FNDA:0,(anonymous_2)
FNDA:0,(anonymous_3)
FNDA:0,(anonymous_4)
FNDA:0,(anonymous_5)
FNDA:0,(anonymous_6)
FNDA:0,(anonymous_7)
FNDA:0,(anonymous_8)
FNDA:0,(anonymous_9)
FNDA:0,(anonymous_10)
FNDA:0,(anonymous_11)
DA:2,0
DA:4,0
DA:8,0
DA:14,0
DA:21,0
DA:28,0
LF:6
LH:0
BRF:0
BRH:0
end_of_record
TN:
SF:src\app\core\guards\admin-auth.guard.ts
FN:5,(anonymous_0)
FNF:1
FNH:1
FNDA:2,(anonymous_0)
DA:1,1
DA:2,1
DA:3,1
DA:5,1
DA:6,2
DA:7,2
DA:9,2
DA:10,1
DA:13,1
LF:9
LH:9
BRDA:9,0,0,1
BRDA:9,0,1,1
BRDA:9,1,0,2
BRDA:9,1,1,1
BRF:4
BRH:4
end_of_record
TN:
SF:src\app\core\interceptors\auth.interceptor.ts
FN:7,(anonymous_0)
FN:16,(anonymous_1)
FN:21,(anonymous_2)
FNF:3
FNH:3
FNDA:3,(anonymous_0)
FNDA:2,(anonymous_1)
FNDA:2,(anonymous_2)
DA:1,1
DA:2,1
DA:3,1
DA:4,1
DA:5,1
DA:7,1
DA:8,3
DA:9,3
DA:10,3
DA:11,3
DA:15,3
DA:17,2
DA:18,1
DA:19,1
DA:21,2
LF:15
LH:15
BRDA:11,0,0,2
BRDA:11,0,1,1
BRDA:17,1,0,1
BRDA:17,1,1,1
BRDA:17,2,0,2
BRDA:17,2,1,2
BRDA:17,2,2,2
BRF:7
BRH:7
end_of_record
TN:
SF:src\app\core\services\analytics.service.ts
FN:32,(anonymous_0)
FN:36,(anonymous_1)
FN:42,(anonymous_2)
FN:48,(anonymous_3)
FNF:4
FNH:0
FNDA:0,(anonymous_0)
FNDA:0,(anonymous_1)
FNDA:0,(anonymous_2)
FNDA:0,(anonymous_3)
DA:1,0
DA:2,0
DA:4,0
DA:32,0
DA:33,0
DA:34,0
DA:37,0
DA:43,0
DA:49,0
LF:9
LH:0
BRDA:36,0,0,0
BRDA:42,1,0,0
BRF:2
BRH:0
end_of_record
TN:
SF:src\app\core\services\auth.service.ts
FN:27,(anonymous_0)
FN:35,(anonymous_1)
FN:36,(anonymous_2)
FN:37,(anonymous_3)
FN:38,(anonymous_4)
FN:39,(anonymous_5)
FN:41,(anonymous_6)
FN:43,(anonymous_7)
FN:47,(anonymous_8)
FN:59,(anonymous_9)
FN:64,(anonymous_10)
FN:71,(anonymous_11)
FN:80,(anonymous_12)
FNF:13
FNH:13
FNDA:7,(anonymous_0)
FNDA:2,(anonymous_1)
FNDA:1,(anonymous_2)
FNDA:3,(anonymous_3)
FNDA:1,(anonymous_4)
FNDA:1,(anonymous_5)
FNDA:2,(anonymous_6)
FNDA:2,(anonymous_7)
FNDA:1,(anonymous_8)
FNDA:2,(anonymous_9)
FNDA:1,(anonymous_10)
FNDA:2,(anonymous_11)
FNDA:7,(anonymous_12)
DA:1,6
DA:2,6
DA:3,6
DA:4,6
DA:5,6
DA:22,6
DA:23,6
DA:24,6
DA:27,6
DA:28,7
DA:29,7
DA:31,7
DA:32,7
DA:33,7
DA:35,7
DA:36,7
DA:37,7
DA:38,7
DA:39,7
DA:42,2
DA:43,2
DA:48,1
DA:49,1
DA:50,1
DA:51,1
DA:52,1
DA:53,1
DA:54,1
DA:55,1
DA:60,2
DA:61,1
DA:63,1
DA:65,1
DA:66,1
DA:72,2
DA:73,2
DA:74,2
DA:75,2
DA:76,2
DA:77,2
DA:81,7
DA:82,7
DA:83,5
DA:85,2
DA:86,2
DA:88,1
DA:89,1
LF:47
LH:47
BRDA:38,0,0,1
BRDA:38,0,1,1
BRDA:47,1,0,1
BRDA:54,2,0,1
BRDA:54,2,1,0
BRDA:60,3,0,1
BRDA:60,3,1,1
BRDA:82,4,0,5
BRDA:82,4,1,2
BRF:9
BRH:8
end_of_record
TN:
SF:src\app\features\bookings-table\bookings-table.component.ts
FN:175,(anonymous_0)
FN:184,(anonymous_1)
FN:188,(anonymous_2)
FN:189,(anonymous_3)
FN:197,(anonymous_4)
FN:201,(anonymous_5)
FN:208,(anonymous_6)
FN:213,(anonymous_7)
FN:214,(anonymous_8)
FNF:9
FNH:0
FNDA:0,(anonymous_0)
FNDA:0,(anonymous_1)
FNDA:0,(anonymous_2)
FNDA:0,(anonymous_3)
FNDA:0,(anonymous_4)
FNDA:0,(anonymous_5)
FNDA:0,(anonymous_6)
FNDA:0,(anonymous_7)
FNDA:0,(anonymous_8)
DA:1,0
DA:2,0
DA:3,0
DA:5,0
DA:6,0
DA:175,0
DA:176,0
DA:178,0
DA:179,0
DA:180,0
DA:181,0
DA:182,0
DA:185,0
DA:188,0
DA:190,0
DA:191,0
DA:192,0
DA:198,0
DA:199,0
DA:200,0
DA:201,0
DA:202,0
DA:207,0
DA:208,0
DA:210,0
DA:213,0
DA:214,0
LF:27
LH:0
BRDA:188,0,0,0
BRDA:188,0,1,0
BRDA:199,1,0,0
BRDA:199,1,1,0
BRDA:202,2,0,0
BRDA:202,2,1,0
BRDA:202,2,2,0
BRDA:207,3,0,0
BRDA:207,3,1,0
BRDA:213,4,0,0
BRDA:213,4,1,0
BRDA:214,5,0,0
BRDA:214,5,1,0
BRF:13
BRH:0
end_of_record
TN:
SF:src\app\features\dashboard\dashboard.component.ts
FN:455,(anonymous_0)
FN:469,(anonymous_1)
FN:470,(anonymous_2)
FN:472,(anonymous_3)
FN:474,(anonymous_4)
FN:477,(anonymous_5)
FN:482,(anonymous_6)
FN:484,(anonymous_7)
FN:485,(anonymous_8)
FN:488,(anonymous_9)
FN:501,(anonymous_10)
FN:509,(anonymous_11)
FN:512,(anonymous_12)
FN:513,(anonymous_13)
FN:535,(anonymous_14)
FN:544,(anonymous_15)
FN:558,(anonymous_16)
FN:560,(anonymous_17)
FN:594,(anonymous_18)
FN:600,(anonymous_19)
FN:621,(anonymous_20)
FN:640,(anonymous_21)
FN:650,(anonymous_22)
FN:651,(anonymous_23)
FNF:24
FNH:0
FNDA:0,(anonymous_0)
FNDA:0,(anonymous_1)
FNDA:0,(anonymous_2)
FNDA:0,(anonymous_3)
FNDA:0,(anonymous_4)
FNDA:0,(anonymous_5)
FNDA:0,(anonymous_6)
FNDA:0,(anonymous_7)
FNDA:0,(anonymous_8)
FNDA:0,(anonymous_9)
FNDA:0,(anonymous_10)
FNDA:0,(anonymous_11)
FNDA:0,(anonymous_12)
FNDA:0,(anonymous_13)
FNDA:0,(anonymous_14)
FNDA:0,(anonymous_15)
FNDA:0,(anonymous_16)
FNDA:0,(anonymous_17)
FNDA:0,(anonymous_18)
FNDA:0,(anonymous_19)
FNDA:0,(anonymous_20)
FNDA:0,(anonymous_21)
FNDA:0,(anonymous_22)
FNDA:0,(anonymous_23)
DA:1,0
DA:11,0
DA:12,0
DA:13,0
DA:14,0
DA:16,0
DA:455,0
DA:460,0
DA:462,0
DA:463,0
DA:464,0
DA:465,0
DA:467,0
DA:470,0
DA:471,0
DA:472,0
DA:473,0
DA:474,0
DA:477,0
DA:478,0
DA:485,0
DA:489,0
DA:502,0
DA:504,0
DA:505,0
DA:506,0
DA:509,0
DA:512,0
DA:514,0
DA:515,0
DA:516,0
DA:517,0
DA:535,0
DA:544,0
DA:550,0
DA:553,0
DA:554,0
DA:555,0
DA:558,0
DA:560,0
DA:582,0
DA:585,0
DA:586,0
DA:587,0
DA:588,0
DA:589,0
DA:591,0
DA:595,0
DA:596,0
DA:600,0
DA:621,0
DA:636,0
DA:641,0
DA:647,0
DA:651,0
DA:652,0
LF:56
LH:0
BRDA:478,0,0,0
BRDA:478,0,1,0
BRDA:504,1,0,0
BRDA:504,1,1,0
BRDA:553,2,0,0
BRDA:553,2,1,0
BRDA:585,3,0,0
BRDA:585,3,1,0
BRDA:647,4,0,0
BRDA:647,4,1,0
BRDA:651,5,0,0
BRDA:651,5,1,0
BRDA:652,6,0,0
BRDA:652,6,1,0
BRF:14
BRH:0
end_of_record
TN:
SF:src\app\features\login\login.component.ts
FN:154,(anonymous_0)
FN:163,(anonymous_1)
FN:172,(anonymous_2)
FN:181,(anonymous_3)
FN:185,(anonymous_4)
FNF:5
FNH:5
FNDA:4,(anonymous_0)
FNDA:4,(anonymous_1)
FNDA:2,(anonymous_2)
FNDA:1,(anonymous_3)
FNDA:2,(anonymous_4)
DA:1,1
DA:2,1
DA:3,1
DA:4,1
DA:5,1
DA:154,1
DA:155,4
DA:156,4
DA:158,4
DA:159,4
DA:160,4
DA:161,4
DA:164,4
DA:165,1
DA:166,1
DA:169,3
DA:170,3
DA:171,3
DA:173,2
DA:174,1
DA:175,1
DA:176,1
DA:177,1
DA:179,1
DA:182,1
DA:183,1
DA:186,2
LF:27
LH:27
BRDA:164,0,0,1
BRDA:164,0,1,3
BRDA:164,1,0,4
BRDA:164,1,1,3
BRDA:173,2,0,1
BRDA:173,2,1,1
BRDA:182,3,0,1
BRDA:182,3,1,0
BRF:8
BRH:7
end_of_record
TN:
SF:src\app\features\transactions\transactions.component.ts
FN:143,(anonymous_0)
FN:156,(anonymous_1)
FN:158,(anonymous_2)
FN:163,(anonymous_3)
FN:167,(anonymous_4)
FN:168,(anonymous_5)
FN:169,(anonymous_6)
FN:169,(anonymous_7)
FN:172,(anonymous_8)
FN:186,(anonymous_9)
FNF:10
FNH:0
FNDA:0,(anonymous_0)
FNDA:0,(anonymous_1)
FNDA:0,(anonymous_2)
FNDA:0,(anonymous_3)
FNDA:0,(anonymous_4)
FNDA:0,(anonymous_5)
FNDA:0,(anonymous_6)
FNDA:0,(anonymous_7)
FNDA:0,(anonymous_8)
FNDA:0,(anonymous_9)
DA:1,0
DA:2,0
DA:3,0
DA:4,0
DA:5,0
DA:143,0
DA:144,0
DA:146,0
DA:147,0
DA:149,0
DA:156,0
DA:159,0
DA:160,0
DA:162,0
DA:164,0
DA:165,0
DA:166,0
DA:167,0
DA:168,0
DA:169,0
DA:170,0
DA:173,0
DA:178,0
DA:179,0
DA:180,0
DA:181,0
DA:186,0
LF:27
LH:0
BRDA:160,0,0,0
BRDA:160,0,1,0
BRDA:164,1,0,0
BRDA:164,1,1,0
BRDA:166,2,0,0
BRDA:166,2,1,0
BRDA:186,3,0,0
BRDA:186,3,1,0
BRF:8
BRH:0
end_of_record
TN:
SF:src\app\shared\components\header\header.component.ts
FN:189,(anonymous_0)
FN:178,(anonymous_1)
FN:179,(anonymous_2)
FN:180,(anonymous_3)
FN:183,(anonymous_4)
FN:195,(anonymous_5)
FNF:6
FNH:6
FNDA:3,(anonymous_0)
FNDA:2,(anonymous_1)
FNDA:2,(anonymous_2)
FNDA:2,(anonymous_3)
FNDA:3,(anonymous_4)
FNDA:1,(anonymous_5)
DA:1,2
DA:2,2
DA:3,2
DA:173,2
DA:174,3
DA:176,3
DA:177,3
DA:178,3
DA:179,3
DA:180,3
DA:181,2
DA:183,3
DA:190,3
DA:191,3
DA:192,3
DA:196,1
LF:16
LH:16
BRDA:178,0,0,2
BRDA:178,0,1,1
BRDA:179,1,0,1
BRDA:179,1,1,1
BRDA:181,2,0,2
BRDA:181,2,1,1
BRDA:191,3,0,3
BRDA:191,3,1,0
BRDA:191,4,0,0
BRDA:191,4,1,0
BRF:10
BRH:7
end_of_record
TN:
SF:src\app\shared\components\sidebar\sidebar.component.ts
FN:240,(anonymous_0)
FN:254,(anonymous_1)
FN:255,(anonymous_2)
FNF:3
FNH:0
FNDA:0,(anonymous_0)
FNDA:0,(anonymous_1)
FNDA:0,(anonymous_2)
DA:1,1
DA:2,1
DA:3,1
DA:4,1
DA:240,1
DA:241,0
DA:243,0
DA:249,0
DA:255,0
LF:9
LH:5
BRF:0
BRH:0
end_of_record
